This file contains any messages produced by compilers while
running configure, to aid debugging if configure makes a mistake.

It was created by ODE configure 0.12, which was
generated by GNU Autoconf 2.68.  Invocation command line was

  $ ./configure --enable-double-precision

## --------- ##
## Platform. ##
## --------- ##

hostname = BeePad
uname -m = x86_64
uname -r = 5.15.0-53-generic
uname -s = Linux
uname -v = #59~20.04.1-Ubuntu SMP Thu Oct 20 15:10:22 UTC 2022

/usr/bin/uname -p = x86_64
/bin/uname -X     = unknown

/bin/arch              = x86_64
/usr/bin/arch -k       = unknown
/usr/convex/getsysinfo = unknown
/usr/bin/hostinfo      = unknown
/bin/machine           = unknown
/usr/bin/oslevel       = unknown
/bin/universe          = unknown

PATH: /home/bee/miniconda3/bin
PATH: /home/bee/miniconda3/condabin
PATH: /opt/GitHub Desktop
PATH: /usr/local/sbin
PATH: /usr/local/bin
PATH: /usr/sbin
PATH: /usr/bin
PATH: /sbin
PATH: /bin
PATH: /usr/games
PATH: /usr/local/games
PATH: /snap/bin


## ----------- ##
## Core tests. ##
## ----------- ##

configure:2687: checking build system type
configure:2701: result: x86_64-unknown-linux-gnu
configure:2721: checking host system type
configure:2734: result: x86_64-unknown-linux-gnu
configure:2771: checking for a BSD-compatible install
configure:2839: result: /usr/bin/install -c
configure:2850: checking whether build environment is sane
configure:2900: result: yes
configure:3041: checking for a thread-safe mkdir -p
configure:3080: result: /usr/bin/mkdir -p
configure:3093: checking for gawk
configure:3123: result: no
configure:3093: checking for mawk
configure:3109: found /usr/bin/mawk
configure:3120: result: mawk
configure:3131: checking whether make sets $(MAKE)
configure:3153: result: yes
configure:3236: checking whether make sets $(MAKE)
configure:3258: result: yes
configure:3325: checking for g++
configure:3341: found /usr/bin/g++
configure:3352: result: g++
configure:3379: checking for C++ compiler version
configure:3388: g++ --version >&5
g++ (Ubuntu 9.4.0-1ubuntu1~20.04.1) 9.4.0
Copyright (C) 2019 Free Software Foundation, Inc.
This is free software; see the source for copying conditions.  There is NO
warranty; not even for MERCHANTABILITY or FITNESS FOR A PARTICULAR PURPOSE.

configure:3399: $? = 0
configure:3388: g++ -v >&5
Using built-in specs.
COLLECT_GCC=g++
COLLECT_LTO_WRAPPER=/usr/lib/gcc/x86_64-linux-gnu/9/lto-wrapper
OFFLOAD_TARGET_NAMES=nvptx-none:hsa
OFFLOAD_TARGET_DEFAULT=1
Target: x86_64-linux-gnu
Configured with: ../src/configure -v --with-pkgversion='Ubuntu 9.4.0-1ubuntu1~20.04.1' --with-bugurl=file:///usr/share/doc/gcc-9/README.Bugs --enable-languages=c,ada,c++,go,brig,d,fortran,objc,obj-c++,gm2 --prefix=/usr --with-gcc-major-version-only --program-suffix=-9 --program-prefix=x86_64-linux-gnu- --enable-shared --enable-linker-build-id --libexecdir=/usr/lib --without-included-gettext --enable-threads=posix --libdir=/usr/lib --enable-nls --enable-clocale=gnu --enable-libstdcxx-debug --enable-libstdcxx-time=yes --with-default-libstdcxx-abi=new --enable-gnu-unique-object --disable-vtable-verify --enable-plugin --enable-default-pie --with-system-zlib --with-target-system-zlib=auto --enable-objc-gc=auto --enable-multiarch --disable-werror --with-arch-32=i686 --with-abi=m64 --with-multilib-list=m32,m64,mx32 --enable-multilib --with-tune=generic --enable-offload-targets=nvptx-none=/build/gcc-9-Av3uEd/gcc-9-9.4.0/debian/tmp-nvptx/usr,hsa --without-cuda-driver --enable-checking=release --build=x86_64-linux-gnu --host=x86_64-linux-gnu --target=x86_64-linux-gnu
Thread model: posix
gcc version 9.4.0 (Ubuntu 9.4.0-1ubuntu1~20.04.1) 
configure:3399: $? = 0
configure:3388: g++ -V >&5
g++: error: unrecognized command line option '-V'
g++: fatal error: no input files
compilation terminated.
configure:3399: $? = 1
configure:3388: g++ -qversion >&5
g++: error: unrecognized command line option '-qversion'; did you mean '--version'?
g++: fatal error: no input files
compilation terminated.
configure:3399: $? = 1
configure:3419: checking whether the C++ compiler works
configure:3441: g++    conftest.cpp  >&5
configure:3445: $? = 0
configure:3493: result: yes
configure:3496: checking for C++ compiler default output file name
configure:3498: result: a.out
configure:3504: checking for suffix of executables
configure:3511: g++ -o conftest    conftest.cpp  >&5
configure:3515: $? = 0
configure:3537: result: 
configure:3559: checking whether we are cross compiling
configure:3567: g++ -o conftest    conftest.cpp  >&5
configure:3571: $? = 0
configure:3578: ./conftest
configure:3582: $? = 0
configure:3570: result: no
configure:3575: checking for suffix of object files
configure:3597: g++ -c   conftest.cpp >&5
configure:3601: $? = 0
configure:3622: result: o
configure:3626: checking whether we are using the GNU C++ compiler
configure:3645: g++ -c   conftest.cpp >&5
configure:3645: $? = 0
configure:3654: result: yes
configure:3663: checking whether g++ accepts -g
configure:3683: g++ -c -g  conftest.cpp >&5
configure:3683: $? = 0
configure:3724: result: yes
configure:3758: checking for style of include used by make
configure:3786: result: GNU
configure:3812: checking dependency style of g++
configure:3923: result: gcc3
configure:3986: checking for gcc
configure:4002: found /usr/bin/gcc
configure:4013: result: gcc
configure:4242: checking for C compiler version
configure:4251: gcc --version >&5
gcc (Ubuntu 9.4.0-1ubuntu1~20.04.1) 9.4.0
Copyright (C) 2019 Free Software Foundation, Inc.
This is free software; see the source for copying conditions.  There is NO
warranty; not even for MERCHANTABILITY or FITNESS FOR A PARTICULAR PURPOSE.

configure:4262: $? = 0
configure:4251: gcc -v >&5
Using built-in specs.
COLLECT_GCC=gcc
COLLECT_LTO_WRAPPER=/usr/lib/gcc/x86_64-linux-gnu/9/lto-wrapper
OFFLOAD_TARGET_NAMES=nvptx-none:hsa
OFFLOAD_TARGET_DEFAULT=1
Target: x86_64-linux-gnu
Configured with: ../src/configure -v --with-pkgversion='Ubuntu 9.4.0-1ubuntu1~20.04.1' --with-bugurl=file:///usr/share/doc/gcc-9/README.Bugs --enable-languages=c,ada,c++,go,brig,d,fortran,objc,obj-c++,gm2 --prefix=/usr --with-gcc-major-version-only --program-suffix=-9 --program-prefix=x86_64-linux-gnu- --enable-shared --enable-linker-build-id --libexecdir=/usr/lib --without-included-gettext --enable-threads=posix --libdir=/usr/lib --enable-nls --enable-clocale=gnu --enable-libstdcxx-debug --enable-libstdcxx-time=yes --with-default-libstdcxx-abi=new --enable-gnu-unique-object --disable-vtable-verify --enable-plugin --enable-default-pie --with-system-zlib --with-target-system-zlib=auto --enable-objc-gc=auto --enable-multiarch --disable-werror --with-arch-32=i686 --with-abi=m64 --with-multilib-list=m32,m64,mx32 --enable-multilib --with-tune=generic --enable-offload-targets=nvptx-none=/build/gcc-9-Av3uEd/gcc-9-9.4.0/debian/tmp-nvptx/usr,hsa --without-cuda-driver --enable-checking=release --build=x86_64-linux-gnu --host=x86_64-linux-gnu --target=x86_64-linux-gnu
Thread model: posix
gcc version 9.4.0 (Ubuntu 9.4.0-1ubuntu1~20.04.1) 
configure:4262: $? = 0
configure:4251: gcc -V >&5
gcc: error: unrecognized command line option '-V'
gcc: fatal error: no input files
compilation terminated.
configure:4262: $? = 1
configure:4251: gcc -qversion >&5
gcc: error: unrecognized command line option '-qversion'; did you mean '--version'?
gcc: fatal error: no input files
compilation terminated.
configure:4262: $? = 1
configure:4266: checking whether we are using the GNU C compiler
configure:4285: gcc -c   conftest.c >&5
configure:4285: $? = 0
configure:4294: result: yes
configure:4303: checking whether gcc accepts -g
configure:4323: gcc -c -g  conftest.c >&5
configure:4323: $? = 0
configure:4364: result: yes
configure:4381: checking for gcc option to accept ISO C89
configure:4445: gcc  -c -g -O2  conftest.c >&5
configure:4445: $? = 0
configure:4458: result: none needed
configure:4480: checking dependency style of gcc
configure:4591: result: gcc3
configure:4607: checking whether gcc and cc understand -c and -o together
configure:4638: gcc -c conftest.c -o conftest2.o >&5
configure:4642: $? = 0
configure:4648: gcc -c conftest.c -o conftest2.o >&5
configure:4652: $? = 0
configure:4663: cc -c conftest.c >&5
configure:4667: $? = 0
configure:4675: cc -c conftest.c -o conftest2.o >&5
configure:4679: $? = 0
configure:4685: cc -c conftest.c -o conftest2.o >&5
configure:4689: $? = 0
configure:4707: result: yes
configure:4737: checking how to run the C preprocessor
configure:4768: gcc -E  conftest.c
configure:4768: $? = 0
configure:4782: gcc -E  conftest.c
conftest.c:11:10: fatal error: ac_nonexistent.h: No such file or directory
   11 | #include <ac_nonexistent.h>
      |          ^~~~~~~~~~~~~~~~~~
compilation terminated.
configure:4782: $? = 1
configure: failed program was:
| /* confdefs.h */
| #define PACKAGE_NAME "ODE"
| #define PACKAGE_TARNAME "ode"
| #define PACKAGE_VERSION "0.12"
| #define PACKAGE_STRING "ODE 0.12"
| #define PACKAGE_BUGREPORT "ode@ode.org"
| #define PACKAGE_URL ""
| #define PACKAGE "ode"
| #define VERSION "0.12"
| /* end confdefs.h.  */
| #include <ac_nonexistent.h>
configure:4807: result: gcc -E
configure:4827: gcc -E  conftest.c
configure:4827: $? = 0
configure:4841: gcc -E  conftest.c
conftest.c:11:10: fatal error: ac_nonexistent.h: No such file or directory
   11 | #include <ac_nonexistent.h>
      |          ^~~~~~~~~~~~~~~~~~
compilation terminated.
configure:4841: $? = 1
configure: failed program was:
| /* confdefs.h */
| #define PACKAGE_NAME "ODE"
| #define PACKAGE_TARNAME "ode"
| #define PACKAGE_VERSION "0.12"
| #define PACKAGE_STRING "ODE 0.12"
| #define PACKAGE_BUGREPORT "ode@ode.org"
| #define PACKAGE_URL ""
| #define PACKAGE "ode"
| #define VERSION "0.12"
| /* end confdefs.h.  */
| #include <ac_nonexistent.h>
configure:4873: checking for gawk
configure:4900: result: mawk
configure:4912: checking whether ln -s works
configure:4916: result: yes
configure:5001: checking how to print strings
configure:5028: result: printf
configure:5049: checking for a sed that does not truncate output
configure:5113: result: /usr/bin/sed
configure:5131: checking for grep that handles long lines and -e
configure:5189: result: /usr/bin/grep
configure:5194: checking for egrep
configure:5256: result: /usr/bin/grep -E
configure:5261: checking for fgrep
configure:5323: result: /usr/bin/grep -F
configure:5358: checking for ld used by gcc
configure:5425: result: /usr/bin/ld
configure:5432: checking if the linker (/usr/bin/ld) is GNU ld
configure:5447: result: yes
configure:5459: checking for BSD- or MS-compatible name lister (nm)
configure:5508: result: /usr/bin/nm -B
configure:5638: checking the name lister (/usr/bin/nm -B) interface
configure:5645: gcc -c -g -O2  conftest.c >&5
configure:5648: /usr/bin/nm -B "conftest.o"
configure:5651: output
0000000000000000 B some_variable
configure:5652: result: BSD nm
configure:5656: checking the maximum length of command line arguments
configure:5786: result: 1572864
configure:5803: checking whether the shell understands some XSI constructs
configure:5812: result: yes
configure:5816: checking whether the shell understands "+="
configure:5820: result: yes
configure:5855: checking how to convert x86_64-unknown-linux-gnu file names to x86_64-unknown-linux-gnu format
configure:5895: result: func_convert_file_noop
configure:5902: checking how to convert x86_64-unknown-linux-gnu file names to toolchain format
configure:5922: result: func_convert_file_noop
configure:5929: checking for /usr/bin/ld option to reload object files
configure:5936: result: -r
configure:6010: checking for objdump
configure:6026: found /usr/bin/objdump
configure:6037: result: objdump
configure:6066: checking how to recognize dependent libraries
configure:6268: result: pass_all
configure:6353: checking for dlltool
configure:6383: result: no
configure:6410: checking how to associate runtime and link libraries
configure:6437: result: printf %s\n
configure:6498: checking for ar
configure:6514: found /usr/bin/ar
configure:6525: result: ar
configure:6562: checking for archiver @FILE support
configure:6579: gcc -c -g -O2  conftest.c >&5
configure:6579: $? = 0
configure:6582: ar cru libconftest.a @conftest.lst >&5
ar: `u' modifier ignored since `D' is the default (see `U')
configure:6585: $? = 0
configure:6590: ar cru libconftest.a @conftest.lst >&5
ar: `u' modifier ignored since `D' is the default (see `U')
ar: conftest.o: No such file or directory
configure:6593: $? = 1
configure:6592: result: @
configure:6650: checking for strip
configure:6666: found /usr/bin/strip
configure:6677: result: strip
configure:6749: checking for ranlib
configure:6765: found /usr/bin/ranlib
configure:6776: result: ranlib
configure:6878: checking command to parse /usr/bin/nm -B output from gcc object
configure:6998: gcc -c -g -O2  conftest.c >&5
configure:7001: $? = 0
configure:7005: /usr/bin/nm -B conftest.o \| sed -n -e 's/^.*[ ]\([ABCDGIRSTW][ABCDGIRSTW]*\)[ ][ ]*\([_A-Za-z][_A-Za-z0-9]*\)$/\1 \2 \2/p' | sed '/ __gnu_lto/d' \> conftest.nm
configure:7008: $? = 0
configure:7074: gcc -o conftest -g -O2   conftest.c conftstm.o >&5
configure:7077: $? = 0
configure:7115: result: ok
configure:7152: checking for sysroot
configure:7182: result: no
configure:7259: gcc -c -g -O2  conftest.c >&5
configure:7262: $? = 0
configure:7438: checking for mt
configure:7454: found /usr/bin/mt
configure:7465: result: mt
configure:7488: checking if mt is a manifest tool
configure:7494: mt '-?'
configure:7502: result: no
configure:8140: checking for ANSI C header files
configure:8160: gcc -c -g -O2  conftest.c >&5
configure:8160: $? = 0
configure:8233: gcc -o conftest -g -O2   conftest.c  >&5
configure:8233: $? = 0
configure:8233: ./conftest
configure:8233: $? = 0
configure:8244: result: yes
configure:8257: checking for sys/types.h
configure:8257: gcc -c -g -O2  conftest.c >&5
configure:8257: $? = 0
configure:8257: result: yes
configure:8257: checking for sys/stat.h
configure:8257: gcc -c -g -O2  conftest.c >&5
configure:8257: $? = 0
configure:8257: result: yes
configure:8257: checking for stdlib.h
configure:8257: gcc -c -g -O2  conftest.c >&5
configure:8257: $? = 0
configure:8257: result: yes
configure:8257: checking for string.h
configure:8257: gcc -c -g -O2  conftest.c >&5
configure:8257: $? = 0
configure:8257: result: yes
configure:8257: checking for memory.h
configure:8257: gcc -c -g -O2  conftest.c >&5
configure:8257: $? = 0
configure:8257: result: yes
configure:8257: checking for strings.h
configure:8257: gcc -c -g -O2  conftest.c >&5
configure:8257: $? = 0
configure:8257: result: yes
configure:8257: checking for inttypes.h
configure:8257: gcc -c -g -O2  conftest.c >&5
configure:8257: $? = 0
configure:8257: result: yes
configure:8257: checking for stdint.h
configure:8257: gcc -c -g -O2  conftest.c >&5
configure:8257: $? = 0
configure:8257: result: yes
configure:8257: checking for unistd.h
configure:8257: gcc -c -g -O2  conftest.c >&5
configure:8257: $? = 0
configure:8257: result: yes
configure:8271: checking for dlfcn.h
configure:8271: gcc -c -g -O2  conftest.c >&5
configure:8271: $? = 0
configure:8271: result: yes
configure:8782: checking for objdir
configure:8797: result: .libs
configure:9068: checking if gcc supports -fno-rtti -fno-exceptions
configure:9086: gcc -c -g -O2  -fno-rtti -fno-exceptions conftest.c >&5
cc1: warning: command line option '-fno-rtti' is valid for C++/D/ObjC++ but not for C
configure:9090: $? = 0
configure:9103: result: no
configure:9430: checking for gcc option to produce PIC
configure:9437: result: -fPIC -DPIC
configure:9445: checking if gcc PIC flag -fPIC -DPIC works
configure:9463: gcc -c -g -O2  -fPIC -DPIC -DPIC conftest.c >&5
configure:9467: $? = 0
configure:9480: result: yes
configure:9509: checking if gcc static flag -static works
configure:9537: result: yes
configure:9552: checking if gcc supports -c -o file.o
configure:9573: gcc -c -g -O2  -o out/conftest2.o conftest.c >&5
configure:9577: $? = 0
configure:9599: result: yes
configure:9607: checking if gcc supports -c -o file.o
configure:9654: result: yes
configure:9687: checking whether the gcc linker (/usr/bin/ld -m elf_x86_64) supports shared libraries
configure:10841: result: yes
configure:11081: checking dynamic linker characteristics
configure:11592: gcc -o conftest -g -O2   -Wl,-rpath -Wl,/foo conftest.c  >&5
configure:11592: $? = 0
configure:11616: gcc -c -g -O2  conftest.c >&5
configure:11619: $? = 0
configure:11836: result: GNU/Linux ld.so
configure:11943: checking how to hardcode library paths into programs
configure:11968: result: immediate
configure:12508: checking whether stripping libraries is possible
configure:12513: result: yes
configure:12548: checking if libtool supports shared libraries
configure:12550: result: yes
configure:12553: checking whether to build shared libraries
configure:12574: result: no
configure:12577: checking whether to build static libraries
configure:12581: result: yes
configure:9591: checking how to run the C++ preprocessor
configure:9618: g++ -E  conftest.cpp
configure:9618: $? = 0
configure:9632: g++ -E  conftest.cpp
conftest.cpp:23:10: fatal error: ac_nonexistent.h: No such file or directory
   23 | #include <ac_nonexistent.h>
      |          ^~~~~~~~~~~~~~~~~~
compilation terminated.
configure:9632: $? = 1
configure: failed program was:
| /* confdefs.h */
| #define PACKAGE_NAME "ODE"
| #define PACKAGE_TARNAME "ode"
| #define PACKAGE_VERSION "0.12"
| #define PACKAGE_STRING "ODE 0.12"
| #define PACKAGE_BUGREPORT "ode@ode.org"
| #define PACKAGE_URL ""
| #define PACKAGE "ode"
| #define VERSION "0.12"
| #define STDC_HEADERS 1
| #define HAVE_SYS_TYPES_H 1
| #define HAVE_SYS_STAT_H 1
| #define HAVE_STDLIB_H 1
| #define HAVE_STRING_H 1
| #define HAVE_MEMORY_H 1
| #define HAVE_STRINGS_H 1
| #define HAVE_INTTYPES_H 1
| #define HAVE_STDINT_H 1
| #define HAVE_UNISTD_H 1
| #define HAVE_DLFCN_H 1
| #define LT_OBJDIR ".libs/"
| /* end confdefs.h.  */
| #include <ac_nonexistent.h>
configure:9657: result: g++ -E
configure:9677: g++ -E  conftest.cpp
configure:9677: $? = 0
configure:9691: g++ -E  conftest.cpp
conftest.cpp:23:10: fatal error: ac_nonexistent.h: No such file or directory
   23 | #include <ac_nonexistent.h>
      |          ^~~~~~~~~~~~~~~~~~
compilation terminated.
configure:9691: $? = 1
configure: failed program was:
| /* confdefs.h */
| #define PACKAGE_NAME "ODE"
| #define PACKAGE_TARNAME "ode"
| #define PACKAGE_VERSION "0.12"
| #define PACKAGE_STRING "ODE 0.12"
| #define PACKAGE_BUGREPORT "ode@ode.org"
| #define PACKAGE_URL ""
| #define PACKAGE "ode"
| #define VERSION "0.12"
| #define STDC_HEADERS 1
| #define HAVE_SYS_TYPES_H 1
| #define HAVE_SYS_STAT_H 1
| #define HAVE_STDLIB_H 1
| #define HAVE_STRING_H 1
| #define HAVE_MEMORY_H 1
| #define HAVE_STRINGS_H 1
| #define HAVE_INTTYPES_H 1
| #define HAVE_STDINT_H 1
| #define HAVE_UNISTD_H 1
| #define HAVE_DLFCN_H 1
| #define LT_OBJDIR ".libs/"
| /* end confdefs.h.  */
| #include <ac_nonexistent.h>
configure:9860: checking for ld used by g++
configure:9927: result: /usr/bin/ld -m elf_x86_64
configure:9934: checking if the linker (/usr/bin/ld -m elf_x86_64) is GNU ld
configure:9949: result: yes
configure:10004: checking whether the g++ linker (/usr/bin/ld -m elf_x86_64) supports shared libraries
configure:11010: result: yes
configure:11046: g++ -c -g -O2  conftest.cpp >&5
configure:11049: $? = 0
configure:11569: checking for g++ option to produce PIC
configure:11576: result: -fPIC -DPIC
configure:11584: checking if g++ PIC flag -fPIC -DPIC works
configure:11602: g++ -c -g -O2  -fPIC -DPIC -DPIC conftest.cpp >&5
configure:11606: $? = 0
configure:11619: result: yes
configure:11642: checking if g++ static flag -static works
configure:11670: result: yes
configure:11682: checking if g++ supports -c -o file.o
configure:11703: g++ -c -g -O2  -o out/conftest2.o conftest.cpp >&5
configure:11707: $? = 0
configure:11729: result: yes
configure:11734: checking if g++ supports -c -o file.o
configure:11781: result: yes
configure:11811: checking whether the g++ linker (/usr/bin/ld -m elf_x86_64) supports shared libraries
configure:11850: result: yes
configure:11991: checking dynamic linker characteristics
configure:12460: g++ -c -g -O2  conftest.cpp >&5
configure:12463: $? = 0
configure:12680: result: GNU/Linux ld.so
configure:12733: checking how to hardcode library paths into programs
configure:12758: result: immediate
configure:11783: checking for windres
configure:11813: result: no
configure:11835: checking whether byte ordering is bigendian
configure:11850: gcc -c -g -O2  conftest.c >&5
conftest.c:24:9: error: unknown type name 'not'
   24 |         not a universal capable compiler
      |         ^~~
conftest.c:24:15: error: expected '=', ',', ';', 'asm' or '__attribute__' before 'universal'
   24 |         not a universal capable compiler
      |               ^~~~~~~~~
conftest.c:24:15: error: unknown type name 'universal'
configure:11850: $? = 1
configure: failed program was:
| /* confdefs.h */
| #define PACKAGE_NAME "ODE"
| #define PACKAGE_TARNAME "ode"
| #define PACKAGE_VERSION "0.12"
| #define PACKAGE_STRING "ODE 0.12"
| #define PACKAGE_BUGREPORT "ode@ode.org"
| #define PACKAGE_URL ""
| #define PACKAGE "ode"
| #define VERSION "0.12"
| #define STDC_HEADERS 1
| #define HAVE_SYS_TYPES_H 1
| #define HAVE_SYS_STAT_H 1
| #define HAVE_STDLIB_H 1
| #define HAVE_STRING_H 1
| #define HAVE_MEMORY_H 1
| #define HAVE_STRINGS_H 1
| #define HAVE_INTTYPES_H 1
| #define HAVE_STDINT_H 1
| #define HAVE_UNISTD_H 1
| #define HAVE_DLFCN_H 1
| #define LT_OBJDIR ".libs/"
| /* end confdefs.h.  */
| #ifndef __APPLE_CC__
| 	       not a universal capable compiler
| 	     #endif
| 	     typedef int dummy;
| 
configure:11895: gcc -c -g -O2  conftest.c >&5
configure:11895: $? = 0
configure:11913: gcc -c -g -O2  conftest.c >&5
conftest.c: In function 'main':
conftest.c:30:4: error: unknown type name 'not'; did you mean 'ino_t'?
   30 |    not big endian
      |    ^~~
      |    ino_t
conftest.c:30:12: error: expected '=', ',', ';', 'asm' or '__attribute__' before 'endian'
   30 |    not big endian
      |            ^~~~~~
configure:11913: $? = 1
configure: failed program was:
| /* confdefs.h */
| #define PACKAGE_NAME "ODE"
| #define PACKAGE_TARNAME "ode"
| #define PACKAGE_VERSION "0.12"
| #define PACKAGE_STRING "ODE 0.12"
| #define PACKAGE_BUGREPORT "ode@ode.org"
| #define PACKAGE_URL ""
| #define PACKAGE "ode"
| #define VERSION "0.12"
| #define STDC_HEADERS 1
| #define HAVE_SYS_TYPES_H 1
| #define HAVE_SYS_STAT_H 1
| #define HAVE_STDLIB_H 1
| #define HAVE_STRING_H 1
| #define HAVE_MEMORY_H 1
| #define HAVE_STRINGS_H 1
| #define HAVE_INTTYPES_H 1
| #define HAVE_STDINT_H 1
| #define HAVE_UNISTD_H 1
| #define HAVE_DLFCN_H 1
| #define LT_OBJDIR ".libs/"
| /* end confdefs.h.  */
| #include <sys/types.h>
| 		#include <sys/param.h>
| 
| int
| main ()
| {
| #if BYTE_ORDER != BIG_ENDIAN
| 		 not big endian
| 		#endif
| 
|   ;
|   return 0;
| }
configure:12041: result: no
configure:12059: checking for inline
configure:12075: gcc -c -g -O2  conftest.c >&5
configure:12075: $? = 0
configure:12083: result: inline
configure:12101: checking for working volatile
configure:12120: gcc -c -g -O2  conftest.c >&5
configure:12120: $? = 0
configure:12127: result: yes
configure:12188: checking for pkg-config
configure:12206: found /usr/bin/pkg-config
configure:12218: result: /usr/bin/pkg-config
configure:12243: checking pkg-config is at least version 0.9.0
configure:12246: result: yes
configure:12293: checking alloca.h usability
configure:12293: gcc -c -g -O2  conftest.c >&5
configure:12293: $? = 0
configure:12293: result: yes
configure:12293: checking alloca.h presence
configure:12293: gcc -E  conftest.c
configure:12293: $? = 0
configure:12293: result: yes
configure:12293: checking for alloca.h
configure:12293: result: yes
configure:12293: checking stdio.h usability
configure:12293: gcc -c -g -O2  conftest.c >&5
configure:12293: $? = 0
configure:12293: result: yes
configure:12293: checking stdio.h presence
configure:12293: gcc -E  conftest.c
configure:12293: $? = 0
configure:12293: result: yes
configure:12293: checking for stdio.h
configure:12293: result: yes
configure:12293: checking for inttypes.h
configure:12293: result: yes
configure:12293: checking for stdint.h
configure:12293: result: yes
configure:12293: checking for stdlib.h
configure:12293: result: yes
configure:12293: checking math.h usability
configure:12293: gcc -c -g -O2  conftest.c >&5
configure:12293: $? = 0
configure:12293: result: yes
configure:12293: checking math.h presence
configure:12293: gcc -E  conftest.c
configure:12293: $? = 0
configure:12293: result: yes
configure:12293: checking for math.h
configure:12293: result: yes
configure:12293: checking for string.h
configure:12293: result: yes
configure:12293: checking stdarg.h usability
configure:12293: gcc -c -g -O2  conftest.c >&5
configure:12293: $? = 0
configure:12293: result: yes
configure:12293: checking stdarg.h presence
configure:12293: gcc -E  conftest.c
configure:12293: $? = 0
configure:12293: result: yes
configure:12293: checking for stdarg.h
configure:12293: result: yes
configure:12293: checking malloc.h usability
configure:12293: gcc -c -g -O2  conftest.c >&5
configure:12293: $? = 0
configure:12293: result: yes
configure:12293: checking malloc.h presence
configure:12293: gcc -E  conftest.c
configure:12293: $? = 0
configure:12293: result: yes
configure:12293: checking for malloc.h
configure:12293: result: yes
configure:12293: checking float.h usability
configure:12293: gcc -c -g -O2  conftest.c >&5
configure:12293: $? = 0
configure:12293: result: yes
configure:12293: checking float.h presence
configure:12293: gcc -E  conftest.c
configure:12293: $? = 0
configure:12293: result: yes
configure:12293: checking for float.h
configure:12293: result: yes
configure:12293: checking time.h usability
configure:12293: gcc -c -g -O2  conftest.c >&5
configure:12293: $? = 0
configure:12293: result: yes
configure:12293: checking time.h presence
configure:12293: gcc -E  conftest.c
configure:12293: $? = 0
configure:12293: result: yes
configure:12293: checking for time.h
configure:12293: result: yes
configure:12293: checking sys/time.h usability
configure:12293: gcc -c -g -O2  conftest.c >&5
configure:12293: $? = 0
configure:12293: result: yes
configure:12293: checking sys/time.h presence
configure:12293: gcc -E  conftest.c
configure:12293: $? = 0
configure:12293: result: yes
configure:12293: checking for sys/time.h
configure:12293: result: yes
configure:12293: checking limits.h usability
configure:12293: gcc -c -g -O2  conftest.c >&5
configure:12293: $? = 0
configure:12293: result: yes
configure:12293: checking limits.h presence
configure:12293: gcc -E  conftest.c
configure:12293: $? = 0
configure:12293: result: yes
configure:12293: checking for limits.h
configure:12293: result: yes
configure:12293: checking stddef.h usability
configure:12293: gcc -c -g -O2  conftest.c >&5
configure:12293: $? = 0
configure:12293: result: yes
configure:12293: checking stddef.h presence
configure:12293: gcc -E  conftest.c
configure:12293: $? = 0
configure:12293: result: yes
configure:12293: checking for stddef.h
configure:12293: result: yes
configure:12351: checking if double precision is requested
configure:12360: result: yes
configure:12409: checking which drawstuff lib to build
configure:12411: result: X11
configure:12420: checking for X11
configure:12427: $PKG_CONFIG --exists --print-errors "x11"
configure:12430: $? = 0
configure:12443: $PKG_CONFIG --exists --print-errors "x11"
configure:12446: $? = 0
configure:12483: result: yes
configure:12499: checking for GL/gl.h
configure:12499: gcc -c -g -O2  -DdDOUBLE conftest.c >&5
configure:12499: $? = 0
configure:12499: result: yes
configure:12499: checking for GL/glu.h
configure:12499: gcc -c -g -O2  -DdDOUBLE conftest.c >&5
configure:12499: $? = 0
configure:12499: result: yes
configure:12499: checking for GL/glext.h
configure:12499: gcc -c -g -O2  -DdDOUBLE conftest.c >&5
configure:12499: $? = 0
configure:12499: result: yes
configure:12524: checking for main in -lGL
configure:12543: gcc -o conftest -g -O2  -DdDOUBLE  conftest.c -lGL   >&5
configure:12543: $? = 0
configure:12552: result: yes
configure:12558: checking for main in -lGLU
configure:12577: gcc -o conftest -g -O2  -DdDOUBLE  conftest.c -lGLU -lGL  >&5
configure:12577: $? = 0
configure:12586: result: yes
configure:12592: checking for main in -lopengl32
configure:12611: gcc -o conftest -g -O2  -DdDOUBLE  conftest.c -lopengl32   >&5
/usr/bin/ld: cannot find -lopengl32
collect2: error: ld returned 1 exit status
configure:12611: $? = 1
configure: failed program was:
| /* confdefs.h */
| #define PACKAGE_NAME "ODE"
| #define PACKAGE_TARNAME "ode"
| #define PACKAGE_VERSION "0.12"
| #define PACKAGE_STRING "ODE 0.12"
| #define PACKAGE_BUGREPORT "ode@ode.org"
| #define PACKAGE_URL ""
| #define PACKAGE "ode"
| #define VERSION "0.12"
| #define STDC_HEADERS 1
| #define HAVE_SYS_TYPES_H 1
| #define HAVE_SYS_STAT_H 1
| #define HAVE_STDLIB_H 1
| #define HAVE_STRING_H 1
| #define HAVE_MEMORY_H 1
| #define HAVE_STRINGS_H 1
| #define HAVE_INTTYPES_H 1
| #define HAVE_STDINT_H 1
| #define HAVE_UNISTD_H 1
| #define HAVE_DLFCN_H 1
| #define LT_OBJDIR ".libs/"
| #define X86_64_SYSTEM 1
| #define HAVE_ALLOCA_H 1
| #define HAVE_STDIO_H 1
| #define HAVE_INTTYPES_H 1
| #define HAVE_STDINT_H 1
| #define HAVE_STDLIB_H 1
| #define HAVE_MATH_H 1
| #define HAVE_STRING_H 1
| #define HAVE_STDARG_H 1
| #define HAVE_MALLOC_H 1
| #define HAVE_FLOAT_H 1
| #define HAVE_TIME_H 1
| #define HAVE_SYS_TIME_H 1
| #define HAVE_LIMITS_H 1
| #define HAVE_STDDEF_H 1
| #define HAVE_GL_GL_H 1
| #define HAVE_GL_GLU_H 1
| #define HAVE_GL_GLEXT_H 1
| /* end confdefs.h.  */
| 
| 
| int
| main ()
| {
| return main ();
|   ;
|   return 0;
| }
configure:12620: result: no
configure:12626: checking for main in -lglu32
configure:12645: gcc -o conftest -g -O2  -DdDOUBLE  conftest.c -lglu32 -lopengl32  >&5
/usr/bin/ld: cannot find -lglu32
/usr/bin/ld: cannot find -lopengl32
collect2: error: ld returned 1 exit status
configure:12645: $? = 1
configure: failed program was:
| /* confdefs.h */
| #define PACKAGE_NAME "ODE"
| #define PACKAGE_TARNAME "ode"
| #define PACKAGE_VERSION "0.12"
| #define PACKAGE_STRING "ODE 0.12"
| #define PACKAGE_BUGREPORT "ode@ode.org"
| #define PACKAGE_URL ""
| #define PACKAGE "ode"
| #define VERSION "0.12"
| #define STDC_HEADERS 1
| #define HAVE_SYS_TYPES_H 1
| #define HAVE_SYS_STAT_H 1
| #define HAVE_STDLIB_H 1
| #define HAVE_STRING_H 1
| #define HAVE_MEMORY_H 1
| #define HAVE_STRINGS_H 1
| #define HAVE_INTTYPES_H 1
| #define HAVE_STDINT_H 1
| #define HAVE_UNISTD_H 1
| #define HAVE_DLFCN_H 1
| #define LT_OBJDIR ".libs/"
| #define X86_64_SYSTEM 1
| #define HAVE_ALLOCA_H 1
| #define HAVE_STDIO_H 1
| #define HAVE_INTTYPES_H 1
| #define HAVE_STDINT_H 1
| #define HAVE_STDLIB_H 1
| #define HAVE_MATH_H 1
| #define HAVE_STRING_H 1
| #define HAVE_STDARG_H 1
| #define HAVE_MALLOC_H 1
| #define HAVE_FLOAT_H 1
| #define HAVE_TIME_H 1
| #define HAVE_SYS_TIME_H 1
| #define HAVE_LIMITS_H 1
| #define HAVE_STDDEF_H 1
| #define HAVE_GL_GL_H 1
| #define HAVE_GL_GLU_H 1
| #define HAVE_GL_GLEXT_H 1
| /* end confdefs.h.  */
| 
| 
| int
| main ()
| {
| return main ();
|   ;
|   return 0;
| }
configure:12654: result: no
configure:12700: checking if demos should be built
configure:12716: result: yes
configure:12721: checking for main in -lstdc++
configure:12740: gcc -o conftest -g -O2  -DdDOUBLE  conftest.c -lstdc++   >&5
configure:12740: $? = 0
configure:12749: result: yes
configure:12758: checking for main in -lpthread
configure:12777: gcc -o conftest -g -O2  -DdDOUBLE  conftest.c -lpthread   >&5
configure:12777: $? = 0
configure:12786: result: yes
configure:12820: checking for gprof
configure:12870: result: no
configure:12875: checking for stdbool.h that conforms to C99
configure:12942: gcc -c -g -O2  -DdDOUBLE conftest.c >&5
configure:12942: $? = 0
configure:12949: result: yes
configure:12951: checking for _Bool
configure:12951: gcc -c -g -O2  -DdDOUBLE conftest.c >&5
configure:12951: $? = 0
configure:12951: gcc -c -g -O2  -DdDOUBLE conftest.c >&5
conftest.c: In function 'main':
conftest.c:77:20: error: expected expression before ')' token
   77 | if (sizeof ((_Bool)))
      |                    ^
configure:12951: $? = 1
configure: failed program was:
| /* confdefs.h */
| #define PACKAGE_NAME "ODE"
| #define PACKAGE_TARNAME "ode"
| #define PACKAGE_VERSION "0.12"
| #define PACKAGE_STRING "ODE 0.12"
| #define PACKAGE_BUGREPORT "ode@ode.org"
| #define PACKAGE_URL ""
| #define PACKAGE "ode"
| #define VERSION "0.12"
| #define STDC_HEADERS 1
| #define HAVE_SYS_TYPES_H 1
| #define HAVE_SYS_STAT_H 1
| #define HAVE_STDLIB_H 1
| #define HAVE_STRING_H 1
| #define HAVE_MEMORY_H 1
| #define HAVE_STRINGS_H 1
| #define HAVE_INTTYPES_H 1
| #define HAVE_STDINT_H 1
| #define HAVE_UNISTD_H 1
| #define HAVE_DLFCN_H 1
| #define LT_OBJDIR ".libs/"
| #define X86_64_SYSTEM 1
| #define HAVE_ALLOCA_H 1
| #define HAVE_STDIO_H 1
| #define HAVE_INTTYPES_H 1
| #define HAVE_STDINT_H 1
| #define HAVE_STDLIB_H 1
| #define HAVE_MATH_H 1
| #define HAVE_STRING_H 1
| #define HAVE_STDARG_H 1
| #define HAVE_MALLOC_H 1
| #define HAVE_FLOAT_H 1
| #define HAVE_TIME_H 1
| #define HAVE_SYS_TIME_H 1
| #define HAVE_LIMITS_H 1
| #define HAVE_STDDEF_H 1
| #define HAVE_GL_GL_H 1
| #define HAVE_GL_GLU_H 1
| #define HAVE_GL_GLEXT_H 1
| /* end confdefs.h.  */
| #include <stdio.h>
| #ifdef HAVE_SYS_TYPES_H
| # include <sys/types.h>
| #endif
| #ifdef HAVE_SYS_STAT_H
| # include <sys/stat.h>
| #endif
| #ifdef STDC_HEADERS
| # include <stdlib.h>
| # include <stddef.h>
| #else
| # ifdef HAVE_STDLIB_H
| #  include <stdlib.h>
| # endif
| #endif
| #ifdef HAVE_STRING_H
| # if !defined STDC_HEADERS && defined HAVE_MEMORY_H
| #  include <memory.h>
| # endif
| # include <string.h>
| #endif
| #ifdef HAVE_STRINGS_H
| # include <strings.h>
| #endif
| #ifdef HAVE_INTTYPES_H
| # include <inttypes.h>
| #endif
| #ifdef HAVE_STDINT_H
| # include <stdint.h>
| #endif
| #ifdef HAVE_UNISTD_H
| # include <unistd.h>
| #endif
| int
| main ()
| {
| if (sizeof ((_Bool)))
| 	    return 0;
|   ;
|   return 0;
| }
configure:12951: result: yes
configure:12967: checking for inline
configure:12991: result: inline
configure:13009: checking for int32_t
configure:13009: gcc -c -g -O2  -DdDOUBLE conftest.c >&5
configure:13009: $? = 0
configure:13009: gcc -c -g -O2  -DdDOUBLE conftest.c >&5
conftest.c: In function 'main':
conftest.c:81:53: warning: integer overflow in expression of type 'int' results in '-2147483648' [-Woverflow]
   81 |    < (int32_t) (((((int32_t) 1 << N) << N) - 1) * 2 + 2))];
      |                                                     ^
conftest.c:80:12: error: storage size of 'test_array' isn't constant
   80 | static int test_array [1 - 2 * !((int32_t) (((((int32_t) 1 << N) << N) - 1) * 2 + 1)
      |            ^~~~~~~~~~
configure:13009: $? = 1
configure: failed program was:
| /* confdefs.h */
| #define PACKAGE_NAME "ODE"
| #define PACKAGE_TARNAME "ode"
| #define PACKAGE_VERSION "0.12"
| #define PACKAGE_STRING "ODE 0.12"
| #define PACKAGE_BUGREPORT "ode@ode.org"
| #define PACKAGE_URL ""
| #define PACKAGE "ode"
| #define VERSION "0.12"
| #define STDC_HEADERS 1
| #define HAVE_SYS_TYPES_H 1
| #define HAVE_SYS_STAT_H 1
| #define HAVE_STDLIB_H 1
| #define HAVE_STRING_H 1
| #define HAVE_MEMORY_H 1
| #define HAVE_STRINGS_H 1
| #define HAVE_INTTYPES_H 1
| #define HAVE_STDINT_H 1
| #define HAVE_UNISTD_H 1
| #define HAVE_DLFCN_H 1
| #define LT_OBJDIR ".libs/"
| #define X86_64_SYSTEM 1
| #define HAVE_ALLOCA_H 1
| #define HAVE_STDIO_H 1
| #define HAVE_INTTYPES_H 1
| #define HAVE_STDINT_H 1
| #define HAVE_STDLIB_H 1
| #define HAVE_MATH_H 1
| #define HAVE_STRING_H 1
| #define HAVE_STDARG_H 1
| #define HAVE_MALLOC_H 1
| #define HAVE_FLOAT_H 1
| #define HAVE_TIME_H 1
| #define HAVE_SYS_TIME_H 1
| #define HAVE_LIMITS_H 1
| #define HAVE_STDDEF_H 1
| #define HAVE_GL_GL_H 1
| #define HAVE_GL_GLU_H 1
| #define HAVE_GL_GLEXT_H 1
| #define HAVE__BOOL 1
| #define HAVE_STDBOOL_H 1
| /* end confdefs.h.  */
| #include <stdio.h>
| #ifdef HAVE_SYS_TYPES_H
| # include <sys/types.h>
| #endif
| #ifdef HAVE_SYS_STAT_H
| # include <sys/stat.h>
| #endif
| #ifdef STDC_HEADERS
| # include <stdlib.h>
| # include <stddef.h>
| #else
| # ifdef HAVE_STDLIB_H
| #  include <stdlib.h>
| # endif
| #endif
| #ifdef HAVE_STRING_H
| # if !defined STDC_HEADERS && defined HAVE_MEMORY_H
| #  include <memory.h>
| # endif
| # include <string.h>
| #endif
| #ifdef HAVE_STRINGS_H
| # include <strings.h>
| #endif
| #ifdef HAVE_INTTYPES_H
| # include <inttypes.h>
| #endif
| #ifdef HAVE_STDINT_H
| # include <stdint.h>
| #endif
| #ifdef HAVE_UNISTD_H
| # include <unistd.h>
| #endif
| 	        enum { N = 32 / 2 - 1 };
| int
| main ()
| {
| static int test_array [1 - 2 * !((int32_t) (((((int32_t) 1 << N) << N) - 1) * 2 + 1)
| 		 < (int32_t) (((((int32_t) 1 << N) << N) - 1) * 2 + 2))];
| test_array [0] = 0
| 
|   ;
|   return 0;
| }
configure:13009: result: yes
configure:13020: checking for obstacks
configure:13041: gcc -o conftest -g -O2  -DdDOUBLE  conftest.c  -lpthread >&5
configure:13041: $? = 0
configure:13049: result: yes
configure:13064: checking for size_t
configure:13064: gcc -c -g -O2  -DdDOUBLE conftest.c >&5
configure:13064: $? = 0
configure:13064: gcc -c -g -O2  -DdDOUBLE conftest.c >&5
conftest.c: In function 'main':
conftest.c:80:21: error: expected expression before ')' token
   80 | if (sizeof ((size_t)))
      |                     ^
configure:13064: $? = 1
configure: failed program was:
| /* confdefs.h */
| #define PACKAGE_NAME "ODE"
| #define PACKAGE_TARNAME "ode"
| #define PACKAGE_VERSION "0.12"
| #define PACKAGE_STRING "ODE 0.12"
| #define PACKAGE_BUGREPORT "ode@ode.org"
| #define PACKAGE_URL ""
| #define PACKAGE "ode"
| #define VERSION "0.12"
| #define STDC_HEADERS 1
| #define HAVE_SYS_TYPES_H 1
| #define HAVE_SYS_STAT_H 1
| #define HAVE_STDLIB_H 1
| #define HAVE_STRING_H 1
| #define HAVE_MEMORY_H 1
| #define HAVE_STRINGS_H 1
| #define HAVE_INTTYPES_H 1
| #define HAVE_STDINT_H 1
| #define HAVE_UNISTD_H 1
| #define HAVE_DLFCN_H 1
| #define LT_OBJDIR ".libs/"
| #define X86_64_SYSTEM 1
| #define HAVE_ALLOCA_H 1
| #define HAVE_STDIO_H 1
| #define HAVE_INTTYPES_H 1
| #define HAVE_STDINT_H 1
| #define HAVE_STDLIB_H 1
| #define HAVE_MATH_H 1
| #define HAVE_STRING_H 1
| #define HAVE_STDARG_H 1
| #define HAVE_MALLOC_H 1
| #define HAVE_FLOAT_H 1
| #define HAVE_TIME_H 1
| #define HAVE_SYS_TIME_H 1
| #define HAVE_LIMITS_H 1
| #define HAVE_STDDEF_H 1
| #define HAVE_GL_GL_H 1
| #define HAVE_GL_GLU_H 1
| #define HAVE_GL_GLEXT_H 1
| #define HAVE__BOOL 1
| #define HAVE_STDBOOL_H 1
| #define HAVE_OBSTACK 1
| /* end confdefs.h.  */
| #include <stdio.h>
| #ifdef HAVE_SYS_TYPES_H
| # include <sys/types.h>
| #endif
| #ifdef HAVE_SYS_STAT_H
| # include <sys/stat.h>
| #endif
| #ifdef STDC_HEADERS
| # include <stdlib.h>
| # include <stddef.h>
| #else
| # ifdef HAVE_STDLIB_H
| #  include <stdlib.h>
| # endif
| #endif
| #ifdef HAVE_STRING_H
| # if !defined STDC_HEADERS && defined HAVE_MEMORY_H
| #  include <memory.h>
| # endif
| # include <string.h>
| #endif
| #ifdef HAVE_STRINGS_H
| # include <strings.h>
| #endif
| #ifdef HAVE_INTTYPES_H
| # include <inttypes.h>
| #endif
| #ifdef HAVE_STDINT_H
| # include <stdint.h>
| #endif
| #ifdef HAVE_UNISTD_H
| # include <unistd.h>
| #endif
| int
| main ()
| {
| if (sizeof ((size_t)))
| 	    return 0;
|   ;
|   return 0;
| }
configure:13064: result: yes
configure:13075: checking for uint32_t
configure:13075: gcc -c -g -O2  -DdDOUBLE conftest.c >&5
configure:13075: $? = 0
configure:13075: result: yes
configure:13090: checking for main in -lm
configure:13109: gcc -o conftest -g -O2  -DdDOUBLE  conftest.c -lm   -lpthread >&5
configure:13109: $? = 0
configure:13118: result: yes
configure:13129: checking for main in -lsunmath
configure:13148: gcc -o conftest -g -O2  -DdDOUBLE  conftest.c -lsunmath  -lm  -lpthread >&5
/usr/bin/ld: cannot find -lsunmath
collect2: error: ld returned 1 exit status
configure:13148: $? = 1
configure: failed program was:
| /* confdefs.h */
| #define PACKAGE_NAME "ODE"
| #define PACKAGE_TARNAME "ode"
| #define PACKAGE_VERSION "0.12"
| #define PACKAGE_STRING "ODE 0.12"
| #define PACKAGE_BUGREPORT "ode@ode.org"
| #define PACKAGE_URL ""
| #define PACKAGE "ode"
| #define VERSION "0.12"
| #define STDC_HEADERS 1
| #define HAVE_SYS_TYPES_H 1
| #define HAVE_SYS_STAT_H 1
| #define HAVE_STDLIB_H 1
| #define HAVE_STRING_H 1
| #define HAVE_MEMORY_H 1
| #define HAVE_STRINGS_H 1
| #define HAVE_INTTYPES_H 1
| #define HAVE_STDINT_H 1
| #define HAVE_UNISTD_H 1
| #define HAVE_DLFCN_H 1
| #define LT_OBJDIR ".libs/"
| #define X86_64_SYSTEM 1
| #define HAVE_ALLOCA_H 1
| #define HAVE_STDIO_H 1
| #define HAVE_INTTYPES_H 1
| #define HAVE_STDINT_H 1
| #define HAVE_STDLIB_H 1
| #define HAVE_MATH_H 1
| #define HAVE_STRING_H 1
| #define HAVE_STDARG_H 1
| #define HAVE_MALLOC_H 1
| #define HAVE_FLOAT_H 1
| #define HAVE_TIME_H 1
| #define HAVE_SYS_TIME_H 1
| #define HAVE_LIMITS_H 1
| #define HAVE_STDDEF_H 1
| #define HAVE_GL_GL_H 1
| #define HAVE_GL_GLU_H 1
| #define HAVE_GL_GLEXT_H 1
| #define HAVE__BOOL 1
| #define HAVE_STDBOOL_H 1
| #define HAVE_OBSTACK 1
| #define HAVE_LIBM 1
| /* end confdefs.h.  */
| 
| 
| int
| main ()
| {
| return main ();
|   ;
|   return 0;
| }
configure:13157: result: no
configure:13171: checking for floor
configure:13171: gcc -o conftest -g -O2  -DdDOUBLE  conftest.c -lm  -lpthread >&5
conftest.c:68:6: warning: conflicting types for built-in function 'floor'; expected 'double(double)' [-Wbuiltin-declaration-mismatch]
   68 | char floor ();
      |      ^~~~~
conftest.c:56:1: note: 'floor' is declared in header '<math.h>'
   55 | # include <limits.h>
   56 | #else
configure:13171: $? = 0
configure:13171: result: yes
configure:13171: checking for memmove
configure:13171: gcc -o conftest -g -O2  -DdDOUBLE  conftest.c -lm  -lpthread >&5
conftest.c:69:6: warning: conflicting types for built-in function 'memmove'; expected 'void *(void *, const void *, long unsigned int)' [-Wbuiltin-declaration-mismatch]
   69 | char memmove ();
      |      ^~~~~~~
conftest.c:57:1: note: 'memmove' is declared in header '<string.h>'
   56 | # include <limits.h>
   57 | #else
configure:13171: $? = 0
configure:13171: result: yes
configure:13171: checking for memset
configure:13171: gcc -o conftest -g -O2  -DdDOUBLE  conftest.c -lm  -lpthread >&5
conftest.c:70:6: warning: conflicting types for built-in function 'memset'; expected 'void *(void *, int,  long unsigned int)' [-Wbuiltin-declaration-mismatch]
   70 | char memset ();
      |      ^~~~~~
conftest.c:58:1: note: 'memset' is declared in header '<string.h>'
   57 | # include <limits.h>
   58 | #else
configure:13171: $? = 0
configure:13171: result: yes
configure:13171: checking for select
configure:13171: gcc -o conftest -g -O2  -DdDOUBLE  conftest.c -lm  -lpthread >&5
configure:13171: $? = 0
configure:13171: result: yes
configure:13171: checking for sqrt
configure:13171: gcc -o conftest -g -O2  -DdDOUBLE  conftest.c -lm  -lpthread >&5
conftest.c:72:6: warning: conflicting types for built-in function 'sqrt'; expected 'double(double)' [-Wbuiltin-declaration-mismatch]
   72 | char sqrt ();
      |      ^~~~
conftest.c:60:1: note: 'sqrt' is declared in header '<math.h>'
   59 | # include <limits.h>
   60 | #else
configure:13171: $? = 0
configure:13171: result: yes
configure:13171: checking for sqrtf
configure:13171: gcc -o conftest -g -O2  -DdDOUBLE  conftest.c -lm  -lpthread >&5
conftest.c:73:6: warning: conflicting types for built-in function 'sqrtf'; expected 'float(float)' [-Wbuiltin-declaration-mismatch]
   73 | char sqrtf ();
      |      ^~~~~
conftest.c:61:1: note: 'sqrtf' is declared in header '<math.h>'
   60 | # include <limits.h>
   61 | #else
configure:13171: $? = 0
configure:13171: result: yes
configure:13171: checking for sinf
configure:13171: gcc -o conftest -g -O2  -DdDOUBLE  conftest.c -lm  -lpthread >&5
conftest.c:74:6: warning: conflicting types for built-in function 'sinf'; expected 'float(float)' [-Wbuiltin-declaration-mismatch]
   74 | char sinf ();
      |      ^~~~
conftest.c:62:1: note: 'sinf' is declared in header '<math.h>'
   61 | # include <limits.h>
   62 | #else
configure:13171: $? = 0
configure:13171: result: yes
configure:13171: checking for cosf
configure:13171: gcc -o conftest -g -O2  -DdDOUBLE  conftest.c -lm  -lpthread >&5
conftest.c:75:6: warning: conflicting types for built-in function 'cosf'; expected 'float(float)' [-Wbuiltin-declaration-mismatch]
   75 | char cosf ();
      |      ^~~~
conftest.c:63:1: note: 'cosf' is declared in header '<math.h>'
   62 | # include <limits.h>
   63 | #else
configure:13171: $? = 0
configure:13171: result: yes
configure:13171: checking for fabsf
configure:13171: gcc -o conftest -g -O2  -DdDOUBLE  conftest.c -lm  -lpthread >&5
conftest.c:76:6: warning: conflicting types for built-in function 'fabsf'; expected 'float(float)' [-Wbuiltin-declaration-mismatch]
   76 | char fabsf ();
      |      ^~~~~
conftest.c:64:1: note: 'fabsf' is declared in header '<math.h>'
   63 | # include <limits.h>
   64 | #else
configure:13171: $? = 0
configure:13171: result: yes
configure:13171: checking for atan2f
configure:13171: gcc -o conftest -g -O2  -DdDOUBLE  conftest.c -lm  -lpthread >&5
conftest.c:77:6: warning: conflicting types for built-in function 'atan2f'; expected 'float(float,  float)' [-Wbuiltin-declaration-mismatch]
   77 | char atan2f ();
      |      ^~~~~~
conftest.c:65:1: note: 'atan2f' is declared in header '<math.h>'
   64 | # include <limits.h>
   65 | #else
configure:13171: $? = 0
configure:13171: result: yes
configure:13171: checking for fmodf
configure:13171: gcc -o conftest -g -O2  -DdDOUBLE  conftest.c -lm  -lpthread >&5
conftest.c:78:6: warning: conflicting types for built-in function 'fmodf'; expected 'float(float,  float)' [-Wbuiltin-declaration-mismatch]
   78 | char fmodf ();
      |      ^~~~~
conftest.c:66:1: note: 'fmodf' is declared in header '<math.h>'
   65 | # include <limits.h>
   66 | #else
configure:13171: $? = 0
configure:13171: result: yes
configure:13171: checking for copysignf
configure:13171: gcc -o conftest -g -O2  -DdDOUBLE  conftest.c -lm  -lpthread >&5
conftest.c:79:6: warning: conflicting types for built-in function 'copysignf'; expected 'float(float,  float)' [-Wbuiltin-declaration-mismatch]
   79 | char copysignf ();
      |      ^~~~~~~~~
conftest.c:67:1: note: 'copysignf' is declared in header '<math.h>'
   66 | # include <limits.h>
   67 | #else
configure:13171: $? = 0
configure:13171: result: yes
configure:13171: checking for copysign
configure:13171: gcc -o conftest -g -O2  -DdDOUBLE  conftest.c -lm  -lpthread >&5
conftest.c:80:6: warning: conflicting types for built-in function 'copysign'; expected 'double(double,  double)' [-Wbuiltin-declaration-mismatch]
   80 | char copysign ();
      |      ^~~~~~~~
conftest.c:68:1: note: 'copysign' is declared in header '<math.h>'
   67 | # include <limits.h>
   68 | #else
configure:13171: $? = 0
configure:13171: result: yes
configure:13171: checking for snprintf
configure:13171: gcc -o conftest -g -O2  -DdDOUBLE  conftest.c -lm  -lpthread >&5
conftest.c:81:6: warning: conflicting types for built-in function 'snprintf'; expected 'int(char *, long unsigned int,  const char *, ...)' [-Wbuiltin-declaration-mismatch]
   81 | char snprintf ();
      |      ^~~~~~~~
conftest.c:69:1: note: 'snprintf' is declared in header '<stdio.h>'
   68 | # include <limits.h>
   69 | #else
configure:13171: $? = 0
configure:13171: result: yes
configure:13171: checking for vsnprintf
configure:13171: gcc -o conftest -g -O2  -DdDOUBLE  conftest.c -lm  -lpthread >&5
conftest.c:82:6: warning: conflicting types for built-in function 'vsnprintf'; expected 'int(char *, long unsigned int,  const char *, __va_list_tag *)' [-Wbuiltin-declaration-mismatch]
   82 | char vsnprintf ();
      |      ^~~~~~~~~
conftest.c:70:1: note: 'vsnprintf' is declared in header '<stdio.h>'
   69 | # include <limits.h>
   70 | #else
configure:13171: $? = 0
configure:13171: result: yes
configure:13171: checking for gettimeofday
configure:13171: gcc -o conftest -g -O2  -DdDOUBLE  conftest.c -lm  -lpthread >&5
configure:13171: $? = 0
configure:13171: result: yes
configure:13171: checking for isnan
configure:13171: gcc -o conftest -g -O2  -DdDOUBLE  conftest.c -lm  -lpthread >&5
conftest.c:84:6: warning: conflicting types for built-in function 'isnan'; expected 'int()' [-Wbuiltin-declaration-mismatch]
   84 | char isnan ();
      |      ^~~~~
conftest.c:72:1: note: 'isnan' is declared in header '<math.h>'
   71 | # include <limits.h>
   72 | #else
configure:13171: $? = 0
configure:13171: result: yes
configure:13171: checking for isnanf
configure:13171: gcc -o conftest -g -O2  -DdDOUBLE  conftest.c -lm  -lpthread >&5
conftest.c:85:6: warning: conflicting types for built-in function 'isnanf'; expected 'int(float)' [-Wbuiltin-declaration-mismatch]
   85 | char isnanf ();
      |      ^~~~~~
configure:13171: $? = 0
configure:13171: result: yes
configure:13171: checking for _isnan
configure:13171: gcc -o conftest -g -O2  -DdDOUBLE  conftest.c -lm  -lpthread >&5
/usr/bin/ld: /tmp/cc62vBYO.o: in function `main':
/home/bee/Desktop/phd/pyrosim/pyrosim/pyrosim/simulator/ode-0.12/conftest.c:97: undefined reference to `_isnan'
collect2: error: ld returned 1 exit status
configure:13171: $? = 1
configure: failed program was:
| /* confdefs.h */
| #define PACKAGE_NAME "ODE"
| #define PACKAGE_TARNAME "ode"
| #define PACKAGE_VERSION "0.12"
| #define PACKAGE_STRING "ODE 0.12"
| #define PACKAGE_BUGREPORT "ode@ode.org"
| #define PACKAGE_URL ""
| #define PACKAGE "ode"
| #define VERSION "0.12"
| #define STDC_HEADERS 1
| #define HAVE_SYS_TYPES_H 1
| #define HAVE_SYS_STAT_H 1
| #define HAVE_STDLIB_H 1
| #define HAVE_STRING_H 1
| #define HAVE_MEMORY_H 1
| #define HAVE_STRINGS_H 1
| #define HAVE_INTTYPES_H 1
| #define HAVE_STDINT_H 1
| #define HAVE_UNISTD_H 1
| #define HAVE_DLFCN_H 1
| #define LT_OBJDIR ".libs/"
| #define X86_64_SYSTEM 1
| #define HAVE_ALLOCA_H 1
| #define HAVE_STDIO_H 1
| #define HAVE_INTTYPES_H 1
| #define HAVE_STDINT_H 1
| #define HAVE_STDLIB_H 1
| #define HAVE_MATH_H 1
| #define HAVE_STRING_H 1
| #define HAVE_STDARG_H 1
| #define HAVE_MALLOC_H 1
| #define HAVE_FLOAT_H 1
| #define HAVE_TIME_H 1
| #define HAVE_SYS_TIME_H 1
| #define HAVE_LIMITS_H 1
| #define HAVE_STDDEF_H 1
| #define HAVE_GL_GL_H 1
| #define HAVE_GL_GLU_H 1
| #define HAVE_GL_GLEXT_H 1
| #define HAVE__BOOL 1
| #define HAVE_STDBOOL_H 1
| #define HAVE_OBSTACK 1
| #define HAVE_LIBM 1
| #define HAVE_FLOOR 1
| #define HAVE_MEMMOVE 1
| #define HAVE_MEMSET 1
| #define HAVE_SELECT 1
| #define HAVE_SQRT 1
| #define HAVE_SQRTF 1
| #define HAVE_SINF 1
| #define HAVE_COSF 1
| #define HAVE_FABSF 1
| #define HAVE_ATAN2F 1
| #define HAVE_FMODF 1
| #define HAVE_COPYSIGNF 1
| #define HAVE_COPYSIGN 1
| #define HAVE_SNPRINTF 1
| #define HAVE_VSNPRINTF 1
| #define HAVE_GETTIMEOFDAY 1
| #define HAVE_ISNAN 1
| #define HAVE_ISNANF 1
| /* end confdefs.h.  */
| /* Define _isnan to an innocuous variant, in case <limits.h> declares _isnan.
|    For example, HP-UX 11i <limits.h> declares gettimeofday.  */
| #define _isnan innocuous__isnan
| 
| /* System header to define __stub macros and hopefully few prototypes,
|     which can conflict with char _isnan (); below.
|     Prefer <limits.h> to <assert.h> if __STDC__ is defined, since
|     <limits.h> exists even on freestanding compilers.  */
| 
| #ifdef __STDC__
| # include <limits.h>
| #else
| # include <assert.h>
| #endif
| 
| #undef _isnan
| 
| /* Override any GCC internal prototype to avoid an error.
|    Use char because int might match the return type of a GCC
|    builtin and then its argument prototype would still apply.  */
| #ifdef __cplusplus
| extern "C"
| #endif
| char _isnan ();
| /* The GNU C library defines this for functions which it implements
|     to always fail with ENOSYS.  Some functions are actually named
|     something starting with __ and the normal name is an alias.  */
| #if defined __stub__isnan || defined __stub____isnan
| choke me
| #endif
| 
| int
| main ()
| {
| return _isnan ();
|   ;
|   return 0;
| }
configure:13171: result: no
configure:13171: checking for _isnanf
configure:13171: gcc -o conftest -g -O2  -DdDOUBLE  conftest.c -lm  -lpthread >&5
/usr/bin/ld: /tmp/cctDemPb.o: in function `main':
/home/bee/Desktop/phd/pyrosim/pyrosim/pyrosim/simulator/ode-0.12/conftest.c:97: undefined reference to `_isnanf'
collect2: error: ld returned 1 exit status
configure:13171: $? = 1
configure: failed program was:
| /* confdefs.h */
| #define PACKAGE_NAME "ODE"
| #define PACKAGE_TARNAME "ode"
| #define PACKAGE_VERSION "0.12"
| #define PACKAGE_STRING "ODE 0.12"
| #define PACKAGE_BUGREPORT "ode@ode.org"
| #define PACKAGE_URL ""
| #define PACKAGE "ode"
| #define VERSION "0.12"
| #define STDC_HEADERS 1
| #define HAVE_SYS_TYPES_H 1
| #define HAVE_SYS_STAT_H 1
| #define HAVE_STDLIB_H 1
| #define HAVE_STRING_H 1
| #define HAVE_MEMORY_H 1
| #define HAVE_STRINGS_H 1
| #define HAVE_INTTYPES_H 1
| #define HAVE_STDINT_H 1
| #define HAVE_UNISTD_H 1
| #define HAVE_DLFCN_H 1
| #define LT_OBJDIR ".libs/"
| #define X86_64_SYSTEM 1
| #define HAVE_ALLOCA_H 1
| #define HAVE_STDIO_H 1
| #define HAVE_INTTYPES_H 1
| #define HAVE_STDINT_H 1
| #define HAVE_STDLIB_H 1
| #define HAVE_MATH_H 1
| #define HAVE_STRING_H 1
| #define HAVE_STDARG_H 1
| #define HAVE_MALLOC_H 1
| #define HAVE_FLOAT_H 1
| #define HAVE_TIME_H 1
| #define HAVE_SYS_TIME_H 1
| #define HAVE_LIMITS_H 1
| #define HAVE_STDDEF_H 1
| #define HAVE_GL_GL_H 1
| #define HAVE_GL_GLU_H 1
| #define HAVE_GL_GLEXT_H 1
| #define HAVE__BOOL 1
| #define HAVE_STDBOOL_H 1
| #define HAVE_OBSTACK 1
| #define HAVE_LIBM 1
| #define HAVE_FLOOR 1
| #define HAVE_MEMMOVE 1
| #define HAVE_MEMSET 1
| #define HAVE_SELECT 1
| #define HAVE_SQRT 1
| #define HAVE_SQRTF 1
| #define HAVE_SINF 1
| #define HAVE_COSF 1
| #define HAVE_FABSF 1
| #define HAVE_ATAN2F 1
| #define HAVE_FMODF 1
| #define HAVE_COPYSIGNF 1
| #define HAVE_COPYSIGN 1
| #define HAVE_SNPRINTF 1
| #define HAVE_VSNPRINTF 1
| #define HAVE_GETTIMEOFDAY 1
| #define HAVE_ISNAN 1
| #define HAVE_ISNANF 1
| /* end confdefs.h.  */
| /* Define _isnanf to an innocuous variant, in case <limits.h> declares _isnanf.
|    For example, HP-UX 11i <limits.h> declares gettimeofday.  */
| #define _isnanf innocuous__isnanf
| 
| /* System header to define __stub macros and hopefully few prototypes,
|     which can conflict with char _isnanf (); below.
|     Prefer <limits.h> to <assert.h> if __STDC__ is defined, since
|     <limits.h> exists even on freestanding compilers.  */
| 
| #ifdef __STDC__
| # include <limits.h>
| #else
| # include <assert.h>
| #endif
| 
| #undef _isnanf
| 
| /* Override any GCC internal prototype to avoid an error.
|    Use char because int might match the return type of a GCC
|    builtin and then its argument prototype would still apply.  */
| #ifdef __cplusplus
| extern "C"
| #endif
| char _isnanf ();
| /* The GNU C library defines this for functions which it implements
|     to always fail with ENOSYS.  Some functions are actually named
|     something starting with __ and the normal name is an alias.  */
| #if defined __stub__isnanf || defined __stub____isnanf
| choke me
| #endif
| 
| int
| main ()
| {
| return _isnanf ();
|   ;
|   return 0;
| }
configure:13171: result: no
configure:13171: checking for __isnan
configure:13171: gcc -o conftest -g -O2  -DdDOUBLE  conftest.c -lm  -lpthread >&5
configure:13171: $? = 0
configure:13171: result: yes
configure:13171: checking for __isnanf
configure:13171: gcc -o conftest -g -O2  -DdDOUBLE  conftest.c -lm  -lpthread >&5
configure:13171: $? = 0
configure:13171: result: yes
configure:13171: checking for strchr
configure:13171: gcc -o conftest -g -O2  -DdDOUBLE  conftest.c -lm  -lpthread >&5
conftest.c:88:6: warning: conflicting types for built-in function 'strchr'; expected 'char *(const char *, int)' [-Wbuiltin-declaration-mismatch]
   88 | char strchr ();
      |      ^~~~~~
conftest.c:76:1: note: 'strchr' is declared in header '<string.h>'
   75 | # include <limits.h>
   76 | #else
configure:13171: $? = 0
configure:13171: result: yes
configure:13171: checking for strstr
configure:13171: gcc -o conftest -g -O2  -DdDOUBLE  conftest.c -lm  -lpthread >&5
conftest.c:89:6: warning: conflicting types for built-in function 'strstr'; expected 'char *(const char *, const char *)' [-Wbuiltin-declaration-mismatch]
   89 | char strstr ();
      |      ^~~~~~
conftest.c:77:1: note: 'strstr' is declared in header '<string.h>'
   76 | # include <limits.h>
   77 | #else
configure:13171: $? = 0
configure:13171: result: yes
configure:13182: checking for working alloca.h
configure:13199: gcc -o conftest -g -O2  -DdDOUBLE  conftest.c -lm  -lpthread >&5
configure:13199: $? = 0
configure:13207: result: yes
configure:13215: checking for alloca
configure:13252: gcc -o conftest -g -O2  -DdDOUBLE  conftest.c -lm  -lpthread >&5
configure:13252: $? = 0
configure:13260: result: yes
configure:13371: checking for stdlib.h
configure:13371: result: yes
configure:13381: checking for GNU libc compatible malloc
configure:13405: gcc -o conftest -g -O2  -DdDOUBLE  conftest.c -lm  -lpthread >&5
configure:13405: $? = 0
configure:13405: ./conftest
configure:13405: $? = 0
configure:13415: result: yes
configure:13436: checking for obstacks
configure:13465: result: yes
configure:13482: checking for stdlib.h
configure:13482: result: yes
configure:13492: checking for GNU libc compatible realloc
configure:13516: gcc -o conftest -g -O2  -DdDOUBLE  conftest.c -lm  -lpthread >&5
configure:13516: $? = 0
configure:13516: ./conftest
configure:13516: $? = 0
configure:13526: result: yes
configure:13550: checking sys/select.h usability
configure:13550: gcc -c -g -O2  -DdDOUBLE conftest.c >&5
configure:13550: $? = 0
configure:13550: result: yes
configure:13550: checking sys/select.h presence
configure:13550: gcc -E  -DdDOUBLE conftest.c
configure:13550: $? = 0
configure:13550: result: yes
configure:13550: checking for sys/select.h
configure:13550: result: yes
configure:13550: checking sys/socket.h usability
configure:13550: gcc -c -g -O2  -DdDOUBLE conftest.c >&5
configure:13550: $? = 0
configure:13550: result: yes
configure:13550: checking sys/socket.h presence
configure:13550: gcc -E  -DdDOUBLE conftest.c
configure:13550: $? = 0
configure:13550: result: yes
configure:13550: checking for sys/socket.h
configure:13550: result: yes
configure:13560: checking types of arguments for select
configure:13588: gcc -c -g -O2  -DdDOUBLE conftest.c >&5
configure:13588: $? = 0
configure:13599: result: int,fd_set *,struct timeval *
configure:13624: checking for vprintf
configure:13624: gcc -o conftest -g -O2  -DdDOUBLE  conftest.c -lm  -lpthread >&5
conftest.c:102:6: warning: conflicting types for built-in function 'vprintf'; expected 'int(const char *, __va_list_tag *)' [-Wbuiltin-declaration-mismatch]
  102 | char vprintf ();
      |      ^~~~~~~
conftest.c:90:1: note: 'vprintf' is declared in header '<stdio.h>'
   89 | # include <limits.h>
   90 | #else
configure:13624: $? = 0
configure:13624: result: yes
configure:13630: checking for _doprnt
configure:13630: gcc -o conftest -g -O2  -DdDOUBLE  conftest.c -lm  -lpthread >&5
/usr/bin/ld: /tmp/ccX54g61.o: in function `main':
/home/bee/Desktop/phd/pyrosim/pyrosim/pyrosim/simulator/ode-0.12/conftest.c:114: undefined reference to `_doprnt'
collect2: error: ld returned 1 exit status
configure:13630: $? = 1
configure: failed program was:
| /* confdefs.h */
| #define PACKAGE_NAME "ODE"
| #define PACKAGE_TARNAME "ode"
| #define PACKAGE_VERSION "0.12"
| #define PACKAGE_STRING "ODE 0.12"
| #define PACKAGE_BUGREPORT "ode@ode.org"
| #define PACKAGE_URL ""
| #define PACKAGE "ode"
| #define VERSION "0.12"
| #define STDC_HEADERS 1
| #define HAVE_SYS_TYPES_H 1
| #define HAVE_SYS_STAT_H 1
| #define HAVE_STDLIB_H 1
| #define HAVE_STRING_H 1
| #define HAVE_MEMORY_H 1
| #define HAVE_STRINGS_H 1
| #define HAVE_INTTYPES_H 1
| #define HAVE_STDINT_H 1
| #define HAVE_UNISTD_H 1
| #define HAVE_DLFCN_H 1
| #define LT_OBJDIR ".libs/"
| #define X86_64_SYSTEM 1
| #define HAVE_ALLOCA_H 1
| #define HAVE_STDIO_H 1
| #define HAVE_INTTYPES_H 1
| #define HAVE_STDINT_H 1
| #define HAVE_STDLIB_H 1
| #define HAVE_MATH_H 1
| #define HAVE_STRING_H 1
| #define HAVE_STDARG_H 1
| #define HAVE_MALLOC_H 1
| #define HAVE_FLOAT_H 1
| #define HAVE_TIME_H 1
| #define HAVE_SYS_TIME_H 1
| #define HAVE_LIMITS_H 1
| #define HAVE_STDDEF_H 1
| #define HAVE_GL_GL_H 1
| #define HAVE_GL_GLU_H 1
| #define HAVE_GL_GLEXT_H 1
| #define HAVE__BOOL 1
| #define HAVE_STDBOOL_H 1
| #define HAVE_OBSTACK 1
| #define HAVE_LIBM 1
| #define HAVE_FLOOR 1
| #define HAVE_MEMMOVE 1
| #define HAVE_MEMSET 1
| #define HAVE_SELECT 1
| #define HAVE_SQRT 1
| #define HAVE_SQRTF 1
| #define HAVE_SINF 1
| #define HAVE_COSF 1
| #define HAVE_FABSF 1
| #define HAVE_ATAN2F 1
| #define HAVE_FMODF 1
| #define HAVE_COPYSIGNF 1
| #define HAVE_COPYSIGN 1
| #define HAVE_SNPRINTF 1
| #define HAVE_VSNPRINTF 1
| #define HAVE_GETTIMEOFDAY 1
| #define HAVE_ISNAN 1
| #define HAVE_ISNANF 1
| #define HAVE___ISNAN 1
| #define HAVE___ISNANF 1
| #define HAVE_STRCHR 1
| #define HAVE_STRSTR 1
| #define HAVE_ALLOCA_H 1
| #define HAVE_ALLOCA 1
| #define HAVE_STDLIB_H 1
| #define HAVE_MALLOC 1
| #define HAVE_OBSTACK 1
| #define HAVE_STDLIB_H 1
| #define HAVE_REALLOC 1
| #define HAVE_SYS_SELECT_H 1
| #define HAVE_SYS_SOCKET_H 1
| #define SELECT_TYPE_ARG1 int
| #define SELECT_TYPE_ARG234 (fd_set *)
| #define SELECT_TYPE_ARG5 (struct timeval *)
| #define HAVE_VPRINTF 1
| /* end confdefs.h.  */
| /* Define _doprnt to an innocuous variant, in case <limits.h> declares _doprnt.
|    For example, HP-UX 11i <limits.h> declares gettimeofday.  */
| #define _doprnt innocuous__doprnt
| 
| /* System header to define __stub macros and hopefully few prototypes,
|     which can conflict with char _doprnt (); below.
|     Prefer <limits.h> to <assert.h> if __STDC__ is defined, since
|     <limits.h> exists even on freestanding compilers.  */
| 
| #ifdef __STDC__
| # include <limits.h>
| #else
| # include <assert.h>
| #endif
| 
| #undef _doprnt
| 
| /* Override any GCC internal prototype to avoid an error.
|    Use char because int might match the return type of a GCC
|    builtin and then its argument prototype would still apply.  */
| #ifdef __cplusplus
| extern "C"
| #endif
| char _doprnt ();
| /* The GNU C library defines this for functions which it implements
|     to always fail with ENOSYS.  Some functions are actually named
|     something starting with __ and the normal name is an alias.  */
| #if defined __stub__doprnt || defined __stub____doprnt
| choke me
| #endif
| 
| int
| main ()
| {
| return _doprnt ();
|   ;
|   return 0;
| }
configure:13630: result: no
configure:14139: creating ./config.status

## ---------------------- ##
## Running config.status. ##
## ---------------------- ##

This file was extended by ODE config.status 0.12, which was
generated by GNU Autoconf 2.68.  Invocation command line was

  CONFIG_FILES    = 
  CONFIG_HEADERS  = 
  CONFIG_LINKS    = 
  CONFIG_COMMANDS = 
  $ ./config.status 

on BeePad

config.status:1282: creating Makefile
config.status:1282: creating include/Makefile
config.status:1282: creating include/ode/Makefile
config.status:1282: creating include/drawstuff/Makefile
config.status:1282: creating ode/Makefile
config.status:1282: creating ode/src/Makefile
config.status:1282: creating ode/src/joints/Makefile
config.status:1282: creating drawstuff/Makefile
config.status:1282: creating drawstuff/src/Makefile
config.status:1282: creating drawstuff/dstest/Makefile
config.status:1282: creating ode/demo/Makefile
config.status:1282: creating OPCODE/Makefile
config.status:1282: creating OPCODE/Ice/Makefile
config.status:1282: creating GIMPACT/Makefile
config.status:1282: creating GIMPACT/include/Makefile
config.status:1282: creating GIMPACT/include/GIMPACT/Makefile
config.status:1282: creating GIMPACT/src/Makefile
config.status:1282: creating tests/Makefile
config.status:1282: creating tests/UnitTest++/Makefile
config.status:1282: creating tests/UnitTest++/src/Makefile
config.status:1282: creating tests/UnitTest++/src/Posix/Makefile
config.status:1282: creating tests/UnitTest++/src/Win32/Makefile
config.status:1282: creating ode-config
config.status:1282: creating ode.pc
config.status:1282: creating ode/src/config.h
config.status:1511: executing depfiles commands
config.status:1511: executing libtool commands
configure:16737: === configuring in ou (/home/bee/Desktop/phd/pyrosim/pyrosim/pyrosim/simulator/ode-0.12/ou)
configure:16800: running /bin/bash ./configure --disable-option-checking '--prefix=/usr/local'  '--enable-double-precision' --cache-file=/dev/null --srcdir=.
configure:16737: === configuring in libccd (/home/bee/Desktop/phd/pyrosim/pyrosim/pyrosim/simulator/ode-0.12/libccd)
configure:16800: running /bin/bash ./configure --disable-option-checking '--prefix=/usr/local'  '--enable-double-precision' --cache-file=/dev/null --srcdir=.

## ---------------- ##
## Cache variables. ##
## ---------------- ##

ac_cv_build=x86_64-unknown-linux-gnu
ac_cv_c_bigendian=no
ac_cv_c_compiler_gnu=yes
ac_cv_c_inline=inline
ac_cv_c_int32_t=yes
ac_cv_c_uint32_t=yes
ac_cv_c_volatile=yes
ac_cv_cxx_compiler_gnu=yes
ac_cv_env_CCC_set=
ac_cv_env_CCC_value=
ac_cv_env_CC_set=
ac_cv_env_CC_value=
ac_cv_env_CFLAGS_set=
ac_cv_env_CFLAGS_value=
ac_cv_env_CPPFLAGS_set=
ac_cv_env_CPPFLAGS_value=
ac_cv_env_CPP_set=
ac_cv_env_CPP_value=
ac_cv_env_CXXCPP_set=
ac_cv_env_CXXCPP_value=
ac_cv_env_CXXFLAGS_set=
ac_cv_env_CXXFLAGS_value=
ac_cv_env_CXX_set=
ac_cv_env_CXX_value=
ac_cv_env_LDFLAGS_set=
ac_cv_env_LDFLAGS_value=
ac_cv_env_LIBS_set=
ac_cv_env_LIBS_value=
ac_cv_env_PKG_CONFIG_LIBDIR_set=
ac_cv_env_PKG_CONFIG_LIBDIR_value=
ac_cv_env_PKG_CONFIG_PATH_set=
ac_cv_env_PKG_CONFIG_PATH_value=
ac_cv_env_PKG_CONFIG_set=
ac_cv_env_PKG_CONFIG_value=
ac_cv_env_X11_CFLAGS_set=
ac_cv_env_X11_CFLAGS_value=
ac_cv_env_X11_LIBS_set=
ac_cv_env_X11_LIBS_value=
ac_cv_env_build_alias_set=
ac_cv_env_build_alias_value=
ac_cv_env_host_alias_set=
ac_cv_env_host_alias_value=
ac_cv_env_target_alias_set=
ac_cv_env_target_alias_value=
ac_cv_func___isnan=yes
ac_cv_func___isnanf=yes
ac_cv_func__doprnt=no
ac_cv_func__isnan=no
ac_cv_func__isnanf=no
ac_cv_func_alloca_works=yes
ac_cv_func_atan2f=yes
ac_cv_func_copysign=yes
ac_cv_func_copysignf=yes
ac_cv_func_cosf=yes
ac_cv_func_fabsf=yes
ac_cv_func_floor=yes
ac_cv_func_fmodf=yes
ac_cv_func_gettimeofday=yes
ac_cv_func_isnan=yes
ac_cv_func_isnanf=yes
ac_cv_func_malloc_0_nonnull=yes
ac_cv_func_memmove=yes
ac_cv_func_memset=yes
ac_cv_func_obstack=yes
ac_cv_func_realloc_0_nonnull=yes
ac_cv_func_select=yes
ac_cv_func_select_args='int,fd_set *,struct timeval *'
ac_cv_func_sinf=yes
ac_cv_func_snprintf=yes
ac_cv_func_sqrt=yes
ac_cv_func_sqrtf=yes
ac_cv_func_strchr=yes
ac_cv_func_strstr=yes
ac_cv_func_vprintf=yes
ac_cv_func_vsnprintf=yes
ac_cv_header_GL_gl_h=yes
ac_cv_header_GL_glext_h=yes
ac_cv_header_GL_glu_h=yes
ac_cv_header_alloca_h=yes
ac_cv_header_dlfcn_h=yes
ac_cv_header_float_h=yes
ac_cv_header_inttypes_h=yes
ac_cv_header_limits_h=yes
ac_cv_header_malloc_h=yes
ac_cv_header_math_h=yes
ac_cv_header_memory_h=yes
ac_cv_header_stdarg_h=yes
ac_cv_header_stdbool_h=yes
ac_cv_header_stdc=yes
ac_cv_header_stddef_h=yes
ac_cv_header_stdint_h=yes
ac_cv_header_stdio_h=yes
ac_cv_header_stdlib_h=yes
ac_cv_header_string_h=yes
ac_cv_header_strings_h=yes
ac_cv_header_sys_select_h=yes
ac_cv_header_sys_socket_h=yes
ac_cv_header_sys_stat_h=yes
ac_cv_header_sys_time_h=yes
ac_cv_header_sys_types_h=yes
ac_cv_header_time_h=yes
ac_cv_header_unistd_h=yes
ac_cv_host=x86_64-unknown-linux-gnu
ac_cv_lib_GLU_main=yes
ac_cv_lib_GL_main=yes
ac_cv_lib_glu32_main=no
ac_cv_lib_m_main=yes
ac_cv_lib_opengl32_main=no
ac_cv_lib_pthread_main=yes
ac_cv_lib_stdcpp_main=yes
ac_cv_lib_sunmath_main=no
ac_cv_objext=o
ac_cv_path_EGREP='/usr/bin/grep -E'
ac_cv_path_FGREP='/usr/bin/grep -F'
ac_cv_path_GREP=/usr/bin/grep
ac_cv_path_SED=/usr/bin/sed
ac_cv_path_ac_pt_PKG_CONFIG=/usr/bin/pkg-config
ac_cv_path_install='/usr/bin/install -c'
ac_cv_path_mkdir=/usr/bin/mkdir
ac_cv_prog_AWK=mawk
ac_cv_prog_CPP='gcc -E'
ac_cv_prog_CXXCPP='g++ -E'
ac_cv_prog_ac_ct_AR=ar
ac_cv_prog_ac_ct_CC=gcc
ac_cv_prog_ac_ct_CXX=g++
ac_cv_prog_ac_ct_MANIFEST_TOOL=mt
ac_cv_prog_ac_ct_OBJDUMP=objdump
ac_cv_prog_ac_ct_RANLIB=ranlib
ac_cv_prog_ac_ct_STRIP=strip
ac_cv_prog_cc_c89=
ac_cv_prog_cc_g=yes
ac_cv_prog_cc_gcc_c_o=yes
ac_cv_prog_cxx_g=yes
ac_cv_prog_make_make_set=yes
ac_cv_type__Bool=yes
ac_cv_type_size_t=yes
ac_cv_working_alloca_h=yes
am_cv_CC_dependencies_compiler_type=gcc3
am_cv_CXX_dependencies_compiler_type=gcc3
lt_cv_ar_at_file=@
lt_cv_deplibs_check_method=pass_all
lt_cv_file_magic_cmd='$MAGIC_CMD'
lt_cv_file_magic_test_file=
lt_cv_ld_reload_flag=-r
lt_cv_nm_interface='BSD nm'
lt_cv_objdir=.libs
lt_cv_path_LD=/usr/bin/ld
lt_cv_path_LDCXX='/usr/bin/ld -m elf_x86_64'
lt_cv_path_NM='/usr/bin/nm -B'
lt_cv_path_mainfest_tool=no
lt_cv_prog_compiler_c_o=yes
lt_cv_prog_compiler_c_o_CXX=yes
lt_cv_prog_compiler_pic='-fPIC -DPIC'
lt_cv_prog_compiler_pic_CXX='-fPIC -DPIC'
lt_cv_prog_compiler_pic_works=yes
lt_cv_prog_compiler_pic_works_CXX=yes
lt_cv_prog_compiler_rtti_exceptions=no
lt_cv_prog_compiler_static_works=yes
lt_cv_prog_compiler_static_works_CXX=yes
lt_cv_prog_gnu_ld=yes
lt_cv_prog_gnu_ldcxx=yes
lt_cv_sharedlib_from_linklib_cmd='printf %s\n'
lt_cv_shlibpath_overrides_runpath=yes
lt_cv_sys_global_symbol_pipe='sed -n -e '\''s/^.*[	 ]\([ABCDGIRSTW][ABCDGIRSTW]*\)[	 ][	 ]*\([_A-Za-z][_A-Za-z0-9]*\)$/\1 \2 \2/p'\'' | sed '\''/ __gnu_lto/d'\'''
lt_cv_sys_global_symbol_to_c_name_address='sed -n -e '\''s/^: \([^ ]*\)[ ]*$/  {\"\1\", (void *) 0},/p'\'' -e '\''s/^[ABCDGIRSTW]* \([^ ]*\) \([^ ]*\)$/  {"\2", (void *) \&\2},/p'\'''
lt_cv_sys_global_symbol_to_c_name_address_lib_prefix='sed -n -e '\''s/^: \([^ ]*\)[ ]*$/  {\"\1\", (void *) 0},/p'\'' -e '\''s/^[ABCDGIRSTW]* \([^ ]*\) \(lib[^ ]*\)$/  {"\2", (void *) \&\2},/p'\'' -e '\''s/^[ABCDGIRSTW]* \([^ ]*\) \([^ ]*\)$/  {"lib\2", (void *) \&\2},/p'\'''
lt_cv_sys_global_symbol_to_cdecl='sed -n -e '\''s/^T .* \(.*\)$/extern int \1();/p'\'' -e '\''s/^[ABCDGIRSTW]* .* \(.*\)$/extern char \1;/p'\'''
lt_cv_sys_max_cmd_len=1572864
lt_cv_to_host_file_cmd=func_convert_file_noop
lt_cv_to_tool_file_cmd=func_convert_file_noop
pkg_cv_X11_CFLAGS=
pkg_cv_X11_LIBS=-lX11

## ----------------- ##
## Output variables. ##
## ----------------- ##

ACLOCAL='${SHELL} /home/bee/Desktop/phd/pyrosim/pyrosim/pyrosim/simulator/ode-0.12/missing --run aclocal-1.11'
ALLOCA=''
AMDEPBACKSLASH='\'
AMDEP_FALSE='#'
AMDEP_TRUE=''
AMTAR='$${TAR-tar}'
AR='ar'
AS='as'
AUTOCONF='${SHELL} /home/bee/Desktop/phd/pyrosim/pyrosim/pyrosim/simulator/ode-0.12/missing --run autoconf'
AUTOHEADER='${SHELL} /home/bee/Desktop/phd/pyrosim/pyrosim/pyrosim/simulator/ode-0.12/missing --run autoheader'
AUTOMAKE='${SHELL} /home/bee/Desktop/phd/pyrosim/pyrosim/pyrosim/simulator/ode-0.12/missing --run automake-1.11'
AWK='mawk'
CC='gcc'
CCDEPMODE='depmode=gcc3'
CFLAGS='-g -O2'
CPP='gcc -E'
CPPFLAGS=' -DdDOUBLE'
CXX='g++'
CXXCPP='g++ -E'
CXXDEPMODE='depmode=gcc3'
CXXFLAGS='-g -O2'
CYGPATH_W='echo'
DEFS='-DHAVE_CONFIG_H'
DEPDIR='.deps'
DLLTOOL='false'
DSYMUTIL=''
DUMPBIN=''
ECHO_C=''
ECHO_N='-n'
ECHO_T=''
EGREP='/usr/bin/grep -E'
ENABLE_DEMOS_FALSE='#'
ENABLE_DEMOS_TRUE=''
ENABLE_DRAWSTUFF_FALSE='#'
ENABLE_DRAWSTUFF_TRUE=''
ENABLE_OU_FALSE=''
ENABLE_OU_TRUE='#'
EXEEXT=''
EXTRA_LIBTOOL_LDFLAGS=''
FGREP='/usr/bin/grep -F'
GIMPACT_FALSE=''
GIMPACT_TRUE='#'
GL_LIBS='-lGLU -lGL'
GREP='/usr/bin/grep'
INSTALL_DATA='${INSTALL} -m 644'
INSTALL_PROGRAM='${INSTALL}'
INSTALL_SCRIPT='${INSTALL}'
INSTALL_STRIP_PROGRAM='$(install_sh) -c -s'
LD='/usr/bin/ld -m elf_x86_64'
LDFLAGS=''
LIBCCD_BOX_CYL_FALSE=''
LIBCCD_BOX_CYL_TRUE='#'
LIBCCD_CAP_CYL_FALSE=''
LIBCCD_CAP_CYL_TRUE='#'
LIBCCD_CONVEX_BOX_FALSE=''
LIBCCD_CONVEX_BOX_TRUE='#'
LIBCCD_CONVEX_CAP_FALSE=''
LIBCCD_CONVEX_CAP_TRUE='#'
LIBCCD_CONVEX_CONVEX_FALSE=''
LIBCCD_CONVEX_CONVEX_TRUE='#'
LIBCCD_CONVEX_CYL_FALSE=''
LIBCCD_CONVEX_CYL_TRUE='#'
LIBCCD_CONVEX_SPHERE_FALSE=''
LIBCCD_CONVEX_SPHERE_TRUE='#'
LIBCCD_CYL_CYL_FALSE=''
LIBCCD_CYL_CYL_TRUE='#'
LIBCCD_FALSE=''
LIBCCD_TRUE='#'
LIBOBJS=''
LIBS='-lm  -lpthread'
LIBSTDCXX='-lstdc++'
LIBTOOL='$(SHELL) $(top_builddir)/libtool'
LIPO=''
LN_S='ln -s'
LTLIBOBJS=''
MAKEINFO='${SHELL} /home/bee/Desktop/phd/pyrosim/pyrosim/pyrosim/simulator/ode-0.12/missing --run makeinfo'
MANIFEST_TOOL=':'
MKDIR_P='/usr/bin/mkdir -p'
NM='/usr/bin/nm -B'
NMEDIT=''
OBJDUMP='objdump'
OBJEXT='o'
ODE_PRECISION='-DdDOUBLE'
ODE_RELEASE='0.12'
ODE_VERSION_INFO='-version-info 3:0:0'
OPCODE_FALSE='#'
OPCODE_TRUE=''
OSX_FALSE=''
OSX_TRUE='#'
OTOOL64=''
OTOOL=''
PACKAGE='ode'
PACKAGE_BUGREPORT='ode@ode.org'
PACKAGE_NAME='ODE'
PACKAGE_STRING='ODE 0.12'
PACKAGE_TARNAME='ode'
PACKAGE_URL=''
PACKAGE_VERSION='0.12'
PATH_SEPARATOR=':'
PKG_CONFIG='/usr/bin/pkg-config'
PKG_CONFIG_LIBDIR=''
PKG_CONFIG_PATH=''
RANLIB='ranlib'
SED='/usr/bin/sed'
SET_MAKE=''
SHELL='/bin/bash'
STRIP='strip'
TRIMESH_FALSE='#'
TRIMESH_TRUE=''
VERSION='0.12'
WIN32_FALSE=''
WIN32_TRUE='#'
WINDRES=''
X11_CFLAGS=''
X11_FALSE='#'
X11_LIBS='-lX11'
X11_TRUE=''
X86_64_SYSTEM_FALSE='#'
X86_64_SYSTEM_TRUE=''
ac_ct_AR='ar'
ac_ct_CC='gcc'
ac_ct_CXX='g++'
ac_ct_DUMPBIN=''
ac_ct_WINDRES=''
am__EXEEXT_FALSE=''
am__EXEEXT_TRUE='#'
am__fastdepCC_FALSE='#'
am__fastdepCC_TRUE=''
am__fastdepCXX_FALSE='#'
am__fastdepCXX_TRUE=''
am__include='include'
am__isrc=''
am__leading_dot='.'
am__nodep='_no'
am__quote=''
am__tar='$${TAR-tar} chof - "$$tardir"'
am__untar='$${TAR-tar} xf -'
bindir='${exec_prefix}/bin'
build='x86_64-unknown-linux-gnu'
build_alias=''
build_cpu='x86_64'
build_os='linux-gnu'
build_vendor='unknown'
datadir='${datarootdir}'
datarootdir='${prefix}/share'
docdir='${datarootdir}/doc/${PACKAGE_TARNAME}'
dvidir='${docdir}'
exec_prefix='${prefix}'
host='x86_64-unknown-linux-gnu'
host_alias=''
host_cpu='x86_64'
host_os='linux-gnu'
host_vendor='unknown'
htmldir='${docdir}'
includedir='${prefix}/include'
infodir='${datarootdir}/info'
install_sh='${SHELL} /home/bee/Desktop/phd/pyrosim/pyrosim/pyrosim/simulator/ode-0.12/install-sh'
libdir='${exec_prefix}/lib'
libexecdir='${exec_prefix}/libexec'
localedir='${datarootdir}/locale'
localstatedir='${prefix}/var'
mandir='${datarootdir}/man'
mkdir_p='/usr/bin/mkdir -p'
oldincludedir='/usr/include'
pdfdir='${docdir}'
prefix='/usr/local'
program_transform_name='s,x,x,'
psdir='${docdir}'
sbindir='${exec_prefix}/sbin'
sharedstatedir='${prefix}/com'
subdirs=' ou libccd'
sysconfdir='${prefix}/etc'
target_alias=''

## ----------- ##
## confdefs.h. ##
## ----------- ##

/* confdefs.h */
#define PACKAGE_NAME "ODE"
#define PACKAGE_TARNAME "ode"
#define PACKAGE_VERSION "0.12"
#define PACKAGE_STRING "ODE 0.12"
#define PACKAGE_BUGREPORT "ode@ode.org"
#define PACKAGE_URL ""
#define PACKAGE "ode"
#define VERSION "0.12"
#define STDC_HEADERS 1
#define HAVE_SYS_TYPES_H 1
#define HAVE_SYS_STAT_H 1
#define HAVE_STDLIB_H 1
#define HAVE_STRING_H 1
#define HAVE_MEMORY_H 1
#define HAVE_STRINGS_H 1
#define HAVE_INTTYPES_H 1
#define HAVE_STDINT_H 1
#define HAVE_UNISTD_H 1
#define HAVE_DLFCN_H 1
#define LT_OBJDIR ".libs/"
#define X86_64_SYSTEM 1
#define HAVE_ALLOCA_H 1
#define HAVE_STDIO_H 1
#define HAVE_INTTYPES_H 1
#define HAVE_STDINT_H 1
#define HAVE_STDLIB_H 1
#define HAVE_MATH_H 1
#define HAVE_STRING_H 1
#define HAVE_STDARG_H 1
#define HAVE_MALLOC_H 1
#define HAVE_FLOAT_H 1
#define HAVE_TIME_H 1
#define HAVE_SYS_TIME_H 1
#define HAVE_LIMITS_H 1
#define HAVE_STDDEF_H 1
#define HAVE_GL_GL_H 1
#define HAVE_GL_GLU_H 1
#define HAVE_GL_GLEXT_H 1
#define HAVE__BOOL 1
#define HAVE_STDBOOL_H 1
#define HAVE_OBSTACK 1
#define HAVE_LIBM 1
#define HAVE_FLOOR 1
#define HAVE_MEMMOVE 1
#define HAVE_MEMSET 1
#define HAVE_SELECT 1
#define HAVE_SQRT 1
#define HAVE_SQRTF 1
#define HAVE_SINF 1
#define HAVE_COSF 1
#define HAVE_FABSF 1
#define HAVE_ATAN2F 1
#define HAVE_FMODF 1
#define HAVE_COPYSIGNF 1
#define HAVE_COPYSIGN 1
#define HAVE_SNPRINTF 1
#define HAVE_VSNPRINTF 1
#define HAVE_GETTIMEOFDAY 1
#define HAVE_ISNAN 1
#define HAVE_ISNANF 1
#define HAVE___ISNAN 1
#define HAVE___ISNANF 1
#define HAVE_STRCHR 1
#define HAVE_STRSTR 1
#define HAVE_ALLOCA_H 1
#define HAVE_ALLOCA 1
#define HAVE_STDLIB_H 1
#define HAVE_MALLOC 1
#define HAVE_OBSTACK 1
#define HAVE_STDLIB_H 1
#define HAVE_REALLOC 1
#define HAVE_SYS_SELECT_H 1
#define HAVE_SYS_SOCKET_H 1
#define SELECT_TYPE_ARG1 int
#define SELECT_TYPE_ARG234 (fd_set *)
#define SELECT_TYPE_ARG5 (struct timeval *)
#define HAVE_VPRINTF 1

configure: exit 0
