This file contains any messages produced by compilers while
running configure, to aid debugging if configure makes a mistake.

It was created by libccd configure 1.0, which was
generated by GNU Autoconf 2.68.  Invocation command line was

  $ ./configure --disable-option-checking --prefix=/usr/local --enable-double-precision --cache-file=/dev/null --srcdir=.

## --------- ##
## Platform. ##
## --------- ##

hostname = BeePad
uname -m = x86_64
uname -r = 5.15.0-53-generic
uname -s = Linux
uname -v = #59~20.04.1-Ubuntu SMP Thu Oct 20 15:10:22 UTC 2022

/usr/bin/uname -p = x86_64
/bin/uname -X     = unknown

/bin/arch              = x86_64
/usr/bin/arch -k       = unknown
/usr/convex/getsysinfo = unknown
/usr/bin/hostinfo      = unknown
/bin/machine           = unknown
/usr/bin/oslevel       = unknown
/bin/universe          = unknown

PATH: /home/bee/miniconda3/bin
PATH: /home/bee/miniconda3/condabin
PATH: /opt/GitHub Desktop
PATH: /usr/local/sbin
PATH: /usr/local/bin
PATH: /usr/sbin
PATH: /usr/bin
PATH: /sbin
PATH: /bin
PATH: /usr/games
PATH: /usr/local/games
PATH: /snap/bin


## ----------- ##
## Core tests. ##
## ----------- ##

configure:2415: checking for a BSD-compatible install
configure:2483: result: /usr/bin/install -c
configure:2494: checking whether build environment is sane
configure:2544: result: yes
configure:2685: checking for a thread-safe mkdir -p
configure:2724: result: /usr/bin/mkdir -p
configure:2737: checking for gawk
configure:2767: result: no
configure:2737: checking for mawk
configure:2753: found /usr/bin/mawk
configure:2764: result: mawk
configure:2775: checking whether make sets $(MAKE)
configure:2797: result: yes
configure:2937: checking for g++
configure:2953: found /usr/bin/g++
configure:2964: result: g++
configure:2991: checking for C++ compiler version
configure:3000: g++ --version >&5
g++ (Ubuntu 9.4.0-1ubuntu1~20.04.1) 9.4.0
Copyright (C) 2019 Free Software Foundation, Inc.
This is free software; see the source for copying conditions.  There is NO
warranty; not even for MERCHANTABILITY or FITNESS FOR A PARTICULAR PURPOSE.

configure:3011: $? = 0
configure:3000: g++ -v >&5
Using built-in specs.
COLLECT_GCC=g++
COLLECT_LTO_WRAPPER=/usr/lib/gcc/x86_64-linux-gnu/9/lto-wrapper
OFFLOAD_TARGET_NAMES=nvptx-none:hsa
OFFLOAD_TARGET_DEFAULT=1
Target: x86_64-linux-gnu
Configured with: ../src/configure -v --with-pkgversion='Ubuntu 9.4.0-1ubuntu1~20.04.1' --with-bugurl=file:///usr/share/doc/gcc-9/README.Bugs --enable-languages=c,ada,c++,go,brig,d,fortran,objc,obj-c++,gm2 --prefix=/usr --with-gcc-major-version-only --program-suffix=-9 --program-prefix=x86_64-linux-gnu- --enable-shared --enable-linker-build-id --libexecdir=/usr/lib --without-included-gettext --enable-threads=posix --libdir=/usr/lib --enable-nls --enable-clocale=gnu --enable-libstdcxx-debug --enable-libstdcxx-time=yes --with-default-libstdcxx-abi=new --enable-gnu-unique-object --disable-vtable-verify --enable-plugin --enable-default-pie --with-system-zlib --with-target-system-zlib=auto --enable-objc-gc=auto --enable-multiarch --disable-werror --with-arch-32=i686 --with-abi=m64 --with-multilib-list=m32,m64,mx32 --enable-multilib --with-tune=generic --enable-offload-targets=nvptx-none=/build/gcc-9-Av3uEd/gcc-9-9.4.0/debian/tmp-nvptx/usr,hsa --without-cuda-driver --enable-checking=release --build=x86_64-linux-gnu --host=x86_64-linux-gnu --target=x86_64-linux-gnu
Thread model: posix
gcc version 9.4.0 (Ubuntu 9.4.0-1ubuntu1~20.04.1) 
configure:3011: $? = 0
configure:3000: g++ -V >&5
g++: error: unrecognized command line option '-V'
g++: fatal error: no input files
compilation terminated.
configure:3011: $? = 1
configure:3000: g++ -qversion >&5
g++: error: unrecognized command line option '-qversion'; did you mean '--version'?
g++: fatal error: no input files
compilation terminated.
configure:3011: $? = 1
configure:3031: checking whether the C++ compiler works
configure:3053: g++    conftest.cpp  >&5
configure:3057: $? = 0
configure:3105: result: yes
configure:3108: checking for C++ compiler default output file name
configure:3110: result: a.out
configure:3116: checking for suffix of executables
configure:3123: g++ -o conftest    conftest.cpp  >&5
configure:3127: $? = 0
configure:3149: result: 
configure:3171: checking whether we are cross compiling
configure:3179: g++ -o conftest    conftest.cpp  >&5
configure:3183: $? = 0
configure:3190: ./conftest
configure:3194: $? = 0
configure:3182: result: no
configure:3187: checking for suffix of object files
configure:3209: g++ -c   conftest.cpp >&5
configure:3213: $? = 0
configure:3234: result: o
configure:3238: checking whether we are using the GNU C++ compiler
configure:3257: g++ -c   conftest.cpp >&5
configure:3257: $? = 0
configure:3266: result: yes
configure:3275: checking whether g++ accepts -g
configure:3295: g++ -c -g  conftest.cpp >&5
configure:3295: $? = 0
configure:3336: result: yes
configure:3370: checking for style of include used by make
configure:3398: result: GNU
configure:3424: checking dependency style of g++
configure:3535: result: gcc3
configure:3598: checking for gcc
configure:3614: found /usr/bin/gcc
configure:3625: result: gcc
configure:3854: checking for C compiler version
configure:3863: gcc --version >&5
gcc (Ubuntu 9.4.0-1ubuntu1~20.04.1) 9.4.0
Copyright (C) 2019 Free Software Foundation, Inc.
This is free software; see the source for copying conditions.  There is NO
warranty; not even for MERCHANTABILITY or FITNESS FOR A PARTICULAR PURPOSE.

configure:3874: $? = 0
configure:3863: gcc -v >&5
Using built-in specs.
COLLECT_GCC=gcc
COLLECT_LTO_WRAPPER=/usr/lib/gcc/x86_64-linux-gnu/9/lto-wrapper
OFFLOAD_TARGET_NAMES=nvptx-none:hsa
OFFLOAD_TARGET_DEFAULT=1
Target: x86_64-linux-gnu
Configured with: ../src/configure -v --with-pkgversion='Ubuntu 9.4.0-1ubuntu1~20.04.1' --with-bugurl=file:///usr/share/doc/gcc-9/README.Bugs --enable-languages=c,ada,c++,go,brig,d,fortran,objc,obj-c++,gm2 --prefix=/usr --with-gcc-major-version-only --program-suffix=-9 --program-prefix=x86_64-linux-gnu- --enable-shared --enable-linker-build-id --libexecdir=/usr/lib --without-included-gettext --enable-threads=posix --libdir=/usr/lib --enable-nls --enable-clocale=gnu --enable-libstdcxx-debug --enable-libstdcxx-time=yes --with-default-libstdcxx-abi=new --enable-gnu-unique-object --disable-vtable-verify --enable-plugin --enable-default-pie --with-system-zlib --with-target-system-zlib=auto --enable-objc-gc=auto --enable-multiarch --disable-werror --with-arch-32=i686 --with-abi=m64 --with-multilib-list=m32,m64,mx32 --enable-multilib --with-tune=generic --enable-offload-targets=nvptx-none=/build/gcc-9-Av3uEd/gcc-9-9.4.0/debian/tmp-nvptx/usr,hsa --without-cuda-driver --enable-checking=release --build=x86_64-linux-gnu --host=x86_64-linux-gnu --target=x86_64-linux-gnu
Thread model: posix
gcc version 9.4.0 (Ubuntu 9.4.0-1ubuntu1~20.04.1) 
configure:3874: $? = 0
configure:3863: gcc -V >&5
gcc: error: unrecognized command line option '-V'
gcc: fatal error: no input files
compilation terminated.
configure:3874: $? = 1
configure:3863: gcc -qversion >&5
gcc: error: unrecognized command line option '-qversion'; did you mean '--version'?
gcc: fatal error: no input files
compilation terminated.
configure:3874: $? = 1
configure:3878: checking whether we are using the GNU C compiler
configure:3897: gcc -c   conftest.c >&5
configure:3897: $? = 0
configure:3906: result: yes
configure:3915: checking whether gcc accepts -g
configure:3935: gcc -c -g  conftest.c >&5
configure:3935: $? = 0
configure:3976: result: yes
configure:3993: checking for gcc option to accept ISO C89
configure:4057: gcc  -c -g -O2  conftest.c >&5
configure:4057: $? = 0
configure:4070: result: none needed
configure:4092: checking dependency style of gcc
configure:4203: result: gcc3
configure:4279: checking build system type
configure:4293: result: x86_64-unknown-linux-gnu
configure:4313: checking host system type
configure:4326: result: x86_64-unknown-linux-gnu
configure:4367: checking how to print strings
configure:4394: result: printf
configure:4415: checking for a sed that does not truncate output
configure:4479: result: /usr/bin/sed
configure:4497: checking for grep that handles long lines and -e
configure:4555: result: /usr/bin/grep
configure:4560: checking for egrep
configure:4622: result: /usr/bin/grep -E
configure:4627: checking for fgrep
configure:4689: result: /usr/bin/grep -F
configure:4724: checking for ld used by gcc
configure:4791: result: /usr/bin/ld
configure:4798: checking if the linker (/usr/bin/ld) is GNU ld
configure:4813: result: yes
configure:4825: checking for BSD- or MS-compatible name lister (nm)
configure:4874: result: /usr/bin/nm -B
configure:5004: checking the name lister (/usr/bin/nm -B) interface
configure:5011: gcc -c -g -O2  conftest.c >&5
configure:5014: /usr/bin/nm -B "conftest.o"
configure:5017: output
0000000000000000 B some_variable
configure:5018: result: BSD nm
configure:5021: checking whether ln -s works
configure:5025: result: yes
configure:5033: checking the maximum length of command line arguments
configure:5163: result: 1572864
configure:5180: checking whether the shell understands some XSI constructs
configure:5189: result: yes
configure:5193: checking whether the shell understands "+="
configure:5197: result: yes
configure:5232: checking how to convert x86_64-unknown-linux-gnu file names to x86_64-unknown-linux-gnu format
configure:5272: result: func_convert_file_noop
configure:5279: checking how to convert x86_64-unknown-linux-gnu file names to toolchain format
configure:5299: result: func_convert_file_noop
configure:5306: checking for /usr/bin/ld option to reload object files
configure:5313: result: -r
configure:5387: checking for objdump
configure:5403: found /usr/bin/objdump
configure:5414: result: objdump
configure:5446: checking how to recognize dependent libraries
configure:5648: result: pass_all
configure:5733: checking for dlltool
configure:5763: result: no
configure:5793: checking how to associate runtime and link libraries
configure:5820: result: printf %s\n
configure:5881: checking for ar
configure:5897: found /usr/bin/ar
configure:5908: result: ar
configure:5945: checking for archiver @FILE support
configure:5962: gcc -c -g -O2  conftest.c >&5
configure:5962: $? = 0
configure:5965: ar cru libconftest.a @conftest.lst >&5
ar: `u' modifier ignored since `D' is the default (see `U')
configure:5968: $? = 0
configure:5973: ar cru libconftest.a @conftest.lst >&5
ar: `u' modifier ignored since `D' is the default (see `U')
ar: conftest.o: No such file or directory
configure:5976: $? = 1
configure:5975: result: @
configure:6033: checking for strip
configure:6049: found /usr/bin/strip
configure:6060: result: strip
configure:6132: checking for ranlib
configure:6148: found /usr/bin/ranlib
configure:6159: result: ranlib
configure:6261: checking command to parse /usr/bin/nm -B output from gcc object
configure:6381: gcc -c -g -O2  conftest.c >&5
configure:6384: $? = 0
configure:6388: /usr/bin/nm -B conftest.o \| sed -n -e 's/^.*[ ]\([ABCDGIRSTW][ABCDGIRSTW]*\)[ ][ ]*\([_A-Za-z][_A-Za-z0-9]*\)$/\1 \2 \2/p' | sed '/ __gnu_lto/d' \> conftest.nm
configure:6391: $? = 0
configure:6457: gcc -o conftest -g -O2   conftest.c conftstm.o >&5
configure:6460: $? = 0
configure:6498: result: ok
configure:6535: checking for sysroot
configure:6565: result: no
configure:6642: gcc -c -g -O2  conftest.c >&5
configure:6645: $? = 0
configure:6821: checking for mt
configure:6837: found /usr/bin/mt
configure:6848: result: mt
configure:6871: checking if mt is a manifest tool
configure:6877: mt '-?'
configure:6885: result: no
configure:7527: checking how to run the C preprocessor
configure:7558: gcc -E  conftest.c
configure:7558: $? = 0
configure:7572: gcc -E  conftest.c
conftest.c:11:10: fatal error: ac_nonexistent.h: No such file or directory
   11 | #include <ac_nonexistent.h>
      |          ^~~~~~~~~~~~~~~~~~
compilation terminated.
configure:7572: $? = 1
configure: failed program was:
| /* confdefs.h */
| #define PACKAGE_NAME "libccd"
| #define PACKAGE_TARNAME "libccd"
| #define PACKAGE_VERSION "1.0"
| #define PACKAGE_STRING "libccd 1.0"
| #define PACKAGE_BUGREPORT "danfis@danfis.cz"
| #define PACKAGE_URL ""
| #define PACKAGE "libccd"
| #define VERSION "1.0"
| /* end confdefs.h.  */
| #include <ac_nonexistent.h>
configure:7597: result: gcc -E
configure:7617: gcc -E  conftest.c
configure:7617: $? = 0
configure:7631: gcc -E  conftest.c
conftest.c:11:10: fatal error: ac_nonexistent.h: No such file or directory
   11 | #include <ac_nonexistent.h>
      |          ^~~~~~~~~~~~~~~~~~
compilation terminated.
configure:7631: $? = 1
configure: failed program was:
| /* confdefs.h */
| #define PACKAGE_NAME "libccd"
| #define PACKAGE_TARNAME "libccd"
| #define PACKAGE_VERSION "1.0"
| #define PACKAGE_STRING "libccd 1.0"
| #define PACKAGE_BUGREPORT "danfis@danfis.cz"
| #define PACKAGE_URL ""
| #define PACKAGE "libccd"
| #define VERSION "1.0"
| /* end confdefs.h.  */
| #include <ac_nonexistent.h>
configure:7660: checking for ANSI C header files
configure:7680: gcc -c -g -O2  conftest.c >&5
configure:7680: $? = 0
configure:7753: gcc -o conftest -g -O2   conftest.c  >&5
configure:7753: $? = 0
configure:7753: ./conftest
configure:7753: $? = 0
configure:7764: result: yes
configure:7777: checking for sys/types.h
configure:7777: gcc -c -g -O2  conftest.c >&5
configure:7777: $? = 0
configure:7777: result: yes
configure:7777: checking for sys/stat.h
configure:7777: gcc -c -g -O2  conftest.c >&5
configure:7777: $? = 0
configure:7777: result: yes
configure:7777: checking for stdlib.h
configure:7777: gcc -c -g -O2  conftest.c >&5
configure:7777: $? = 0
configure:7777: result: yes
configure:7777: checking for string.h
configure:7777: gcc -c -g -O2  conftest.c >&5
configure:7777: $? = 0
configure:7777: result: yes
configure:7777: checking for memory.h
configure:7777: gcc -c -g -O2  conftest.c >&5
configure:7777: $? = 0
configure:7777: result: yes
configure:7777: checking for strings.h
configure:7777: gcc -c -g -O2  conftest.c >&5
configure:7777: $? = 0
configure:7777: result: yes
configure:7777: checking for inttypes.h
configure:7777: gcc -c -g -O2  conftest.c >&5
configure:7777: $? = 0
configure:7777: result: yes
configure:7777: checking for stdint.h
configure:7777: gcc -c -g -O2  conftest.c >&5
configure:7777: $? = 0
configure:7777: result: yes
configure:7777: checking for unistd.h
configure:7777: gcc -c -g -O2  conftest.c >&5
configure:7777: $? = 0
configure:7777: result: yes
configure:7791: checking for dlfcn.h
configure:7791: gcc -c -g -O2  conftest.c >&5
configure:7791: $? = 0
configure:7791: result: yes
configure:7978: checking for objdir
configure:7993: result: .libs
configure:8260: checking if gcc supports -fno-rtti -fno-exceptions
configure:8278: gcc -c -g -O2  -fno-rtti -fno-exceptions conftest.c >&5
cc1: warning: command line option '-fno-rtti' is valid for C++/D/ObjC++ but not for C
configure:8282: $? = 0
configure:8295: result: no
configure:8622: checking for gcc option to produce PIC
configure:8629: result: -fPIC -DPIC
configure:8637: checking if gcc PIC flag -fPIC -DPIC works
configure:8655: gcc -c -g -O2  -fPIC -DPIC -DPIC conftest.c >&5
configure:8659: $? = 0
configure:8672: result: yes
configure:8701: checking if gcc static flag -static works
configure:8729: result: yes
configure:8744: checking if gcc supports -c -o file.o
configure:8765: gcc -c -g -O2  -o out/conftest2.o conftest.c >&5
configure:8769: $? = 0
configure:8791: result: yes
configure:8799: checking if gcc supports -c -o file.o
configure:8846: result: yes
configure:8879: checking whether the gcc linker (/usr/bin/ld -m elf_x86_64) supports shared libraries
configure:10033: result: yes
configure:10273: checking dynamic linker characteristics
configure:10784: gcc -o conftest -g -O2   -Wl,-rpath -Wl,/foo conftest.c  >&5
configure:10784: $? = 0
configure:10808: gcc -c -g -O2  conftest.c >&5
configure:10811: $? = 0
configure:11028: result: GNU/Linux ld.so
configure:11135: checking how to hardcode library paths into programs
configure:11160: result: immediate
configure:11700: checking whether stripping libraries is possible
configure:11705: result: yes
configure:11740: checking if libtool supports shared libraries
configure:11742: result: yes
configure:11745: checking whether to build shared libraries
configure:11766: result: no
configure:11769: checking whether to build static libraries
configure:11773: result: yes
configure:8783: checking how to run the C++ preprocessor
configure:8810: g++ -E  conftest.cpp
configure:8810: $? = 0
configure:8824: g++ -E  conftest.cpp
conftest.cpp:23:10: fatal error: ac_nonexistent.h: No such file or directory
   23 | #include <ac_nonexistent.h>
      |          ^~~~~~~~~~~~~~~~~~
compilation terminated.
configure:8824: $? = 1
configure: failed program was:
| /* confdefs.h */
| #define PACKAGE_NAME "libccd"
| #define PACKAGE_TARNAME "libccd"
| #define PACKAGE_VERSION "1.0"
| #define PACKAGE_STRING "libccd 1.0"
| #define PACKAGE_BUGREPORT "danfis@danfis.cz"
| #define PACKAGE_URL ""
| #define PACKAGE "libccd"
| #define VERSION "1.0"
| #define STDC_HEADERS 1
| #define HAVE_SYS_TYPES_H 1
| #define HAVE_SYS_STAT_H 1
| #define HAVE_STDLIB_H 1
| #define HAVE_STRING_H 1
| #define HAVE_MEMORY_H 1
| #define HAVE_STRINGS_H 1
| #define HAVE_INTTYPES_H 1
| #define HAVE_STDINT_H 1
| #define HAVE_UNISTD_H 1
| #define HAVE_DLFCN_H 1
| #define LT_OBJDIR ".libs/"
| /* end confdefs.h.  */
| #include <ac_nonexistent.h>
configure:8849: result: g++ -E
configure:8869: g++ -E  conftest.cpp
configure:8869: $? = 0
configure:8883: g++ -E  conftest.cpp
conftest.cpp:23:10: fatal error: ac_nonexistent.h: No such file or directory
   23 | #include <ac_nonexistent.h>
      |          ^~~~~~~~~~~~~~~~~~
compilation terminated.
configure:8883: $? = 1
configure: failed program was:
| /* confdefs.h */
| #define PACKAGE_NAME "libccd"
| #define PACKAGE_TARNAME "libccd"
| #define PACKAGE_VERSION "1.0"
| #define PACKAGE_STRING "libccd 1.0"
| #define PACKAGE_BUGREPORT "danfis@danfis.cz"
| #define PACKAGE_URL ""
| #define PACKAGE "libccd"
| #define VERSION "1.0"
| #define STDC_HEADERS 1
| #define HAVE_SYS_TYPES_H 1
| #define HAVE_SYS_STAT_H 1
| #define HAVE_STDLIB_H 1
| #define HAVE_STRING_H 1
| #define HAVE_MEMORY_H 1
| #define HAVE_STRINGS_H 1
| #define HAVE_INTTYPES_H 1
| #define HAVE_STDINT_H 1
| #define HAVE_UNISTD_H 1
| #define HAVE_DLFCN_H 1
| #define LT_OBJDIR ".libs/"
| /* end confdefs.h.  */
| #include <ac_nonexistent.h>
configure:9052: checking for ld used by g++
configure:9119: result: /usr/bin/ld -m elf_x86_64
configure:9126: checking if the linker (/usr/bin/ld -m elf_x86_64) is GNU ld
configure:9141: result: yes
configure:9196: checking whether the g++ linker (/usr/bin/ld -m elf_x86_64) supports shared libraries
configure:10202: result: yes
configure:10238: g++ -c -g -O2  conftest.cpp >&5
configure:10241: $? = 0
configure:10761: checking for g++ option to produce PIC
configure:10768: result: -fPIC -DPIC
configure:10776: checking if g++ PIC flag -fPIC -DPIC works
configure:10794: g++ -c -g -O2  -fPIC -DPIC -DPIC conftest.cpp >&5
configure:10798: $? = 0
configure:10811: result: yes
configure:10834: checking if g++ static flag -static works
configure:10862: result: yes
configure:10874: checking if g++ supports -c -o file.o
configure:10895: g++ -c -g -O2  -o out/conftest2.o conftest.cpp >&5
configure:10899: $? = 0
configure:10921: result: yes
configure:10926: checking if g++ supports -c -o file.o
configure:10973: result: yes
configure:11003: checking whether the g++ linker (/usr/bin/ld -m elf_x86_64) supports shared libraries
configure:11042: result: yes
configure:11183: checking dynamic linker characteristics
configure:11652: g++ -c -g -O2  conftest.cpp >&5
configure:11655: $? = 0
configure:11872: result: GNU/Linux ld.so
configure:11925: checking how to hardcode library paths into programs
configure:11950: result: immediate
configure:10928: checking for main in -lm
configure:10947: gcc -o conftest -g -O2   conftest.c -lm   >&5
configure:10947: $? = 0
configure:10956: result: yes
configure:10968: checking for main in -lrt
configure:10987: gcc -o conftest -g -O2   conftest.c -lrt  -lm  >&5
configure:10987: $? = 0
configure:10996: result: yes
configure:11012: checking float.h usability
configure:11012: gcc -c -g -O2  conftest.c >&5
configure:11012: $? = 0
configure:11012: result: yes
configure:11012: checking float.h presence
configure:11012: gcc -E  conftest.c
configure:11012: $? = 0
configure:11012: result: yes
configure:11012: checking for float.h
configure:11012: result: yes
configure:11012: checking for stdlib.h
configure:11012: result: yes
configure:11012: checking for string.h
configure:11012: result: yes
configure:11012: checking for unistd.h
configure:11012: result: yes
configure:11024: checking for size_t
configure:11024: gcc -c -g -O2  conftest.c >&5
configure:11024: $? = 0
configure:11024: gcc -c -g -O2  conftest.c >&5
conftest.c: In function 'main':
conftest.c:65:21: error: expected expression before ')' token
   65 | if (sizeof ((size_t)))
      |                     ^
configure:11024: $? = 1
configure: failed program was:
| /* confdefs.h */
| #define PACKAGE_NAME "libccd"
| #define PACKAGE_TARNAME "libccd"
| #define PACKAGE_VERSION "1.0"
| #define PACKAGE_STRING "libccd 1.0"
| #define PACKAGE_BUGREPORT "danfis@danfis.cz"
| #define PACKAGE_URL ""
| #define PACKAGE "libccd"
| #define VERSION "1.0"
| #define STDC_HEADERS 1
| #define HAVE_SYS_TYPES_H 1
| #define HAVE_SYS_STAT_H 1
| #define HAVE_STDLIB_H 1
| #define HAVE_STRING_H 1
| #define HAVE_MEMORY_H 1
| #define HAVE_STRINGS_H 1
| #define HAVE_INTTYPES_H 1
| #define HAVE_STDINT_H 1
| #define HAVE_UNISTD_H 1
| #define HAVE_DLFCN_H 1
| #define LT_OBJDIR ".libs/"
| #define HAVE_LIBM 1
| #define HAVE_LIBRT 1
| #define HAVE_FLOAT_H 1
| #define HAVE_STDLIB_H 1
| #define HAVE_STRING_H 1
| #define HAVE_UNISTD_H 1
| /* end confdefs.h.  */
| #include <stdio.h>
| #ifdef HAVE_SYS_TYPES_H
| # include <sys/types.h>
| #endif
| #ifdef HAVE_SYS_STAT_H
| # include <sys/stat.h>
| #endif
| #ifdef STDC_HEADERS
| # include <stdlib.h>
| # include <stddef.h>
| #else
| # ifdef HAVE_STDLIB_H
| #  include <stdlib.h>
| # endif
| #endif
| #ifdef HAVE_STRING_H
| # if !defined STDC_HEADERS && defined HAVE_MEMORY_H
| #  include <memory.h>
| # endif
| # include <string.h>
| #endif
| #ifdef HAVE_STRINGS_H
| # include <strings.h>
| #endif
| #ifdef HAVE_INTTYPES_H
| # include <inttypes.h>
| #endif
| #ifdef HAVE_STDINT_H
| # include <stdint.h>
| #endif
| #ifdef HAVE_UNISTD_H
| # include <unistd.h>
| #endif
| int
| main ()
| {
| if (sizeof ((size_t)))
| 	    return 0;
|   ;
|   return 0;
| }
configure:11024: result: yes
configure:11037: checking for pid_t
configure:11037: gcc -c -g -O2  conftest.c >&5
configure:11037: $? = 0
configure:11037: gcc -c -g -O2  conftest.c >&5
conftest.c: In function 'main':
conftest.c:65:20: error: expected expression before ')' token
   65 | if (sizeof ((pid_t)))
      |                    ^
configure:11037: $? = 1
configure: failed program was:
| /* confdefs.h */
| #define PACKAGE_NAME "libccd"
| #define PACKAGE_TARNAME "libccd"
| #define PACKAGE_VERSION "1.0"
| #define PACKAGE_STRING "libccd 1.0"
| #define PACKAGE_BUGREPORT "danfis@danfis.cz"
| #define PACKAGE_URL ""
| #define PACKAGE "libccd"
| #define VERSION "1.0"
| #define STDC_HEADERS 1
| #define HAVE_SYS_TYPES_H 1
| #define HAVE_SYS_STAT_H 1
| #define HAVE_STDLIB_H 1
| #define HAVE_STRING_H 1
| #define HAVE_MEMORY_H 1
| #define HAVE_STRINGS_H 1
| #define HAVE_INTTYPES_H 1
| #define HAVE_STDINT_H 1
| #define HAVE_UNISTD_H 1
| #define HAVE_DLFCN_H 1
| #define LT_OBJDIR ".libs/"
| #define HAVE_LIBM 1
| #define HAVE_LIBRT 1
| #define HAVE_FLOAT_H 1
| #define HAVE_STDLIB_H 1
| #define HAVE_STRING_H 1
| #define HAVE_UNISTD_H 1
| /* end confdefs.h.  */
| #include <stdio.h>
| #ifdef HAVE_SYS_TYPES_H
| # include <sys/types.h>
| #endif
| #ifdef HAVE_SYS_STAT_H
| # include <sys/stat.h>
| #endif
| #ifdef STDC_HEADERS
| # include <stdlib.h>
| # include <stddef.h>
| #else
| # ifdef HAVE_STDLIB_H
| #  include <stdlib.h>
| # endif
| #endif
| #ifdef HAVE_STRING_H
| # if !defined STDC_HEADERS && defined HAVE_MEMORY_H
| #  include <memory.h>
| # endif
| # include <string.h>
| #endif
| #ifdef HAVE_STRINGS_H
| # include <strings.h>
| #endif
| #ifdef HAVE_INTTYPES_H
| # include <inttypes.h>
| #endif
| #ifdef HAVE_STDINT_H
| # include <stdint.h>
| #endif
| #ifdef HAVE_UNISTD_H
| # include <unistd.h>
| #endif
| int
| main ()
| {
| if (sizeof ((pid_t)))
| 	    return 0;
|   ;
|   return 0;
| }
configure:11037: result: yes
configure:11050: checking vfork.h usability
configure:11050: gcc -c -g -O2  conftest.c >&5
conftest.c:62:10: fatal error: vfork.h: No such file or directory
   62 | #include <vfork.h>
      |          ^~~~~~~~~
compilation terminated.
configure:11050: $? = 1
configure: failed program was:
| /* confdefs.h */
| #define PACKAGE_NAME "libccd"
| #define PACKAGE_TARNAME "libccd"
| #define PACKAGE_VERSION "1.0"
| #define PACKAGE_STRING "libccd 1.0"
| #define PACKAGE_BUGREPORT "danfis@danfis.cz"
| #define PACKAGE_URL ""
| #define PACKAGE "libccd"
| #define VERSION "1.0"
| #define STDC_HEADERS 1
| #define HAVE_SYS_TYPES_H 1
| #define HAVE_SYS_STAT_H 1
| #define HAVE_STDLIB_H 1
| #define HAVE_STRING_H 1
| #define HAVE_MEMORY_H 1
| #define HAVE_STRINGS_H 1
| #define HAVE_INTTYPES_H 1
| #define HAVE_STDINT_H 1
| #define HAVE_UNISTD_H 1
| #define HAVE_DLFCN_H 1
| #define LT_OBJDIR ".libs/"
| #define HAVE_LIBM 1
| #define HAVE_LIBRT 1
| #define HAVE_FLOAT_H 1
| #define HAVE_STDLIB_H 1
| #define HAVE_STRING_H 1
| #define HAVE_UNISTD_H 1
| /* end confdefs.h.  */
| #include <stdio.h>
| #ifdef HAVE_SYS_TYPES_H
| # include <sys/types.h>
| #endif
| #ifdef HAVE_SYS_STAT_H
| # include <sys/stat.h>
| #endif
| #ifdef STDC_HEADERS
| # include <stdlib.h>
| # include <stddef.h>
| #else
| # ifdef HAVE_STDLIB_H
| #  include <stdlib.h>
| # endif
| #endif
| #ifdef HAVE_STRING_H
| # if !defined STDC_HEADERS && defined HAVE_MEMORY_H
| #  include <memory.h>
| # endif
| # include <string.h>
| #endif
| #ifdef HAVE_STRINGS_H
| # include <strings.h>
| #endif
| #ifdef HAVE_INTTYPES_H
| # include <inttypes.h>
| #endif
| #ifdef HAVE_STDINT_H
| # include <stdint.h>
| #endif
| #ifdef HAVE_UNISTD_H
| # include <unistd.h>
| #endif
| #include <vfork.h>
configure:11050: result: no
configure:11050: checking vfork.h presence
configure:11050: gcc -E  conftest.c
conftest.c:29:10: fatal error: vfork.h: No such file or directory
   29 | #include <vfork.h>
      |          ^~~~~~~~~
compilation terminated.
configure:11050: $? = 1
configure: failed program was:
| /* confdefs.h */
| #define PACKAGE_NAME "libccd"
| #define PACKAGE_TARNAME "libccd"
| #define PACKAGE_VERSION "1.0"
| #define PACKAGE_STRING "libccd 1.0"
| #define PACKAGE_BUGREPORT "danfis@danfis.cz"
| #define PACKAGE_URL ""
| #define PACKAGE "libccd"
| #define VERSION "1.0"
| #define STDC_HEADERS 1
| #define HAVE_SYS_TYPES_H 1
| #define HAVE_SYS_STAT_H 1
| #define HAVE_STDLIB_H 1
| #define HAVE_STRING_H 1
| #define HAVE_MEMORY_H 1
| #define HAVE_STRINGS_H 1
| #define HAVE_INTTYPES_H 1
| #define HAVE_STDINT_H 1
| #define HAVE_UNISTD_H 1
| #define HAVE_DLFCN_H 1
| #define LT_OBJDIR ".libs/"
| #define HAVE_LIBM 1
| #define HAVE_LIBRT 1
| #define HAVE_FLOAT_H 1
| #define HAVE_STDLIB_H 1
| #define HAVE_STRING_H 1
| #define HAVE_UNISTD_H 1
| /* end confdefs.h.  */
| #include <vfork.h>
configure:11050: result: no
configure:11050: checking for vfork.h
configure:11050: result: no
configure:11063: checking for fork
configure:11063: gcc -o conftest -g -O2   conftest.c -lrt -lm  >&5
conftest.c:52:6: warning: conflicting types for built-in function 'fork'; expected 'int(void)' [-Wbuiltin-declaration-mismatch]
   52 | char fork ();
      |      ^~~~
configure:11063: $? = 0
configure:11063: result: yes
configure:11063: checking for vfork
configure:11063: gcc -o conftest -g -O2   conftest.c -lrt -lm  >&5
configure:11063: $? = 0
configure:11063: result: yes
configure:11073: checking for working fork
configure:11095: gcc -o conftest -g -O2   conftest.c -lrt -lm  >&5
configure:11095: $? = 0
configure:11095: ./conftest
configure:11095: $? = 0
configure:11105: result: yes
configure:11126: checking for working vfork
configure:11236: result: yes
configure:11263: checking for stdlib.h
configure:11263: result: yes
configure:11273: checking for GNU libc compatible realloc
configure:11297: gcc -o conftest -g -O2   conftest.c -lrt -lm  >&5
configure:11297: $? = 0
configure:11297: ./conftest
configure:11297: $? = 0
configure:11307: result: yes
configure:11330: checking for clock_gettime
configure:11330: gcc -o conftest -g -O2   conftest.c -lrt -lm  >&5
configure:11330: $? = 0
configure:11330: result: yes
configure:11486: creating ./config.status

## ---------------------- ##
## Running config.status. ##
## ---------------------- ##

This file was extended by libccd config.status 1.0, which was
generated by GNU Autoconf 2.68.  Invocation command line was

  CONFIG_FILES    = 
  CONFIG_HEADERS  = 
  CONFIG_LINKS    = 
  CONFIG_COMMANDS = 
  $ ./config.status 

on BeePad

config.status:1164: creating Makefile
config.status:1164: creating src/Makefile
config.status:1164: creating src/testsuites/Makefile
config.status:1164: creating src/testsuites/cu/Makefile
config.status:1164: creating src/ccd/config.h
config.status:1393: executing depfiles commands
config.status:1393: executing libtool commands

## ---------------- ##
## Cache variables. ##
## ---------------- ##

ac_cv_build=x86_64-unknown-linux-gnu
ac_cv_c_compiler_gnu=yes
ac_cv_cxx_compiler_gnu=yes
ac_cv_env_CCC_set=
ac_cv_env_CCC_value=
ac_cv_env_CC_set=
ac_cv_env_CC_value=
ac_cv_env_CFLAGS_set=
ac_cv_env_CFLAGS_value=
ac_cv_env_CPPFLAGS_set=
ac_cv_env_CPPFLAGS_value=
ac_cv_env_CPP_set=
ac_cv_env_CPP_value=
ac_cv_env_CXXCPP_set=
ac_cv_env_CXXCPP_value=
ac_cv_env_CXXFLAGS_set=
ac_cv_env_CXXFLAGS_value=
ac_cv_env_CXX_set=
ac_cv_env_CXX_value=
ac_cv_env_LDFLAGS_set=
ac_cv_env_LDFLAGS_value=
ac_cv_env_LIBS_set=
ac_cv_env_LIBS_value=
ac_cv_env_build_alias_set=
ac_cv_env_build_alias_value=
ac_cv_env_host_alias_set=
ac_cv_env_host_alias_value=
ac_cv_env_target_alias_set=
ac_cv_env_target_alias_value=
ac_cv_func_clock_gettime=yes
ac_cv_func_fork=yes
ac_cv_func_fork_works=yes
ac_cv_func_realloc_0_nonnull=yes
ac_cv_func_vfork=yes
ac_cv_func_vfork_works=yes
ac_cv_header_dlfcn_h=yes
ac_cv_header_float_h=yes
ac_cv_header_inttypes_h=yes
ac_cv_header_memory_h=yes
ac_cv_header_stdc=yes
ac_cv_header_stdint_h=yes
ac_cv_header_stdlib_h=yes
ac_cv_header_string_h=yes
ac_cv_header_strings_h=yes
ac_cv_header_sys_stat_h=yes
ac_cv_header_sys_types_h=yes
ac_cv_header_unistd_h=yes
ac_cv_header_vfork_h=no
ac_cv_host=x86_64-unknown-linux-gnu
ac_cv_lib_m_main=yes
ac_cv_lib_rt_main=yes
ac_cv_objext=o
ac_cv_path_EGREP='/usr/bin/grep -E'
ac_cv_path_FGREP='/usr/bin/grep -F'
ac_cv_path_GREP=/usr/bin/grep
ac_cv_path_SED=/usr/bin/sed
ac_cv_path_install='/usr/bin/install -c'
ac_cv_path_mkdir=/usr/bin/mkdir
ac_cv_prog_AWK=mawk
ac_cv_prog_CPP='gcc -E'
ac_cv_prog_CXXCPP='g++ -E'
ac_cv_prog_ac_ct_AR=ar
ac_cv_prog_ac_ct_CC=gcc
ac_cv_prog_ac_ct_CXX=g++
ac_cv_prog_ac_ct_MANIFEST_TOOL=mt
ac_cv_prog_ac_ct_OBJDUMP=objdump
ac_cv_prog_ac_ct_RANLIB=ranlib
ac_cv_prog_ac_ct_STRIP=strip
ac_cv_prog_cc_c89=
ac_cv_prog_cc_g=yes
ac_cv_prog_cxx_g=yes
ac_cv_prog_make_make_set=yes
ac_cv_type_pid_t=yes
ac_cv_type_size_t=yes
am_cv_CC_dependencies_compiler_type=gcc3
am_cv_CXX_dependencies_compiler_type=gcc3
lt_cv_ar_at_file=@
lt_cv_deplibs_check_method=pass_all
lt_cv_file_magic_cmd='$MAGIC_CMD'
lt_cv_file_magic_test_file=
lt_cv_ld_reload_flag=-r
lt_cv_nm_interface='BSD nm'
lt_cv_objdir=.libs
lt_cv_path_LD=/usr/bin/ld
lt_cv_path_LDCXX='/usr/bin/ld -m elf_x86_64'
lt_cv_path_NM='/usr/bin/nm -B'
lt_cv_path_mainfest_tool=no
lt_cv_prog_compiler_c_o=yes
lt_cv_prog_compiler_c_o_CXX=yes
lt_cv_prog_compiler_pic='-fPIC -DPIC'
lt_cv_prog_compiler_pic_CXX='-fPIC -DPIC'
lt_cv_prog_compiler_pic_works=yes
lt_cv_prog_compiler_pic_works_CXX=yes
lt_cv_prog_compiler_rtti_exceptions=no
lt_cv_prog_compiler_static_works=yes
lt_cv_prog_compiler_static_works_CXX=yes
lt_cv_prog_gnu_ld=yes
lt_cv_prog_gnu_ldcxx=yes
lt_cv_sharedlib_from_linklib_cmd='printf %s\n'
lt_cv_shlibpath_overrides_runpath=yes
lt_cv_sys_global_symbol_pipe='sed -n -e '\''s/^.*[	 ]\([ABCDGIRSTW][ABCDGIRSTW]*\)[	 ][	 ]*\([_A-Za-z][_A-Za-z0-9]*\)$/\1 \2 \2/p'\'' | sed '\''/ __gnu_lto/d'\'''
lt_cv_sys_global_symbol_to_c_name_address='sed -n -e '\''s/^: \([^ ]*\)[ ]*$/  {\"\1\", (void *) 0},/p'\'' -e '\''s/^[ABCDGIRSTW]* \([^ ]*\) \([^ ]*\)$/  {"\2", (void *) \&\2},/p'\'''
lt_cv_sys_global_symbol_to_c_name_address_lib_prefix='sed -n -e '\''s/^: \([^ ]*\)[ ]*$/  {\"\1\", (void *) 0},/p'\'' -e '\''s/^[ABCDGIRSTW]* \([^ ]*\) \(lib[^ ]*\)$/  {"\2", (void *) \&\2},/p'\'' -e '\''s/^[ABCDGIRSTW]* \([^ ]*\) \([^ ]*\)$/  {"lib\2", (void *) \&\2},/p'\'''
lt_cv_sys_global_symbol_to_cdecl='sed -n -e '\''s/^T .* \(.*\)$/extern int \1();/p'\'' -e '\''s/^[ABCDGIRSTW]* .* \(.*\)$/extern char \1;/p'\'''
lt_cv_sys_max_cmd_len=1572864
lt_cv_to_host_file_cmd=func_convert_file_noop
lt_cv_to_tool_file_cmd=func_convert_file_noop

## ----------------- ##
## Output variables. ##
## ----------------- ##

ACLOCAL='${SHELL} /home/bee/Desktop/phd/pyrosim/pyrosim/pyrosim/simulator/ode-0.12/missing --run aclocal-1.11'
AMDEPBACKSLASH='\'
AMDEP_FALSE='#'
AMDEP_TRUE=''
AMTAR='$${TAR-tar}'
AR='ar'
AUTOCONF='${SHELL} /home/bee/Desktop/phd/pyrosim/pyrosim/pyrosim/simulator/ode-0.12/missing --run autoconf'
AUTOHEADER='${SHELL} /home/bee/Desktop/phd/pyrosim/pyrosim/pyrosim/simulator/ode-0.12/missing --run autoheader'
AUTOMAKE='${SHELL} /home/bee/Desktop/phd/pyrosim/pyrosim/pyrosim/simulator/ode-0.12/missing --run automake-1.11'
AWK='mawk'
CC='gcc'
CCDEPMODE='depmode=gcc3'
CFLAGS='-g -O2'
CPP='gcc -E'
CPPFLAGS=''
CXX='g++'
CXXCPP='g++ -E'
CXXDEPMODE='depmode=gcc3'
CXXFLAGS='-g -O2'
CYGPATH_W='echo'
DEFS='-DHAVE_CONFIG_H'
DEPDIR='.deps'
DLLTOOL='false'
DSYMUTIL=''
DUMPBIN=''
ECHO_C=''
ECHO_N='-n'
ECHO_T=''
EGREP='/usr/bin/grep -E'
EXEEXT=''
FGREP='/usr/bin/grep -F'
GREP='/usr/bin/grep'
INSTALL_DATA='${INSTALL} -m 644'
INSTALL_PROGRAM='${INSTALL}'
INSTALL_SCRIPT='${INSTALL}'
INSTALL_STRIP_PROGRAM='$(install_sh) -c -s'
LD='/usr/bin/ld -m elf_x86_64'
LDFLAGS=''
LIBOBJS=''
LIBS='-lrt -lm '
LIBTOOL='$(SHELL) $(top_builddir)/libtool'
LIPO=''
LN_S='ln -s'
LTLIBOBJS=''
MAKEINFO='${SHELL} /home/bee/Desktop/phd/pyrosim/pyrosim/pyrosim/simulator/ode-0.12/missing --run makeinfo'
MANIFEST_TOOL=':'
MKDIR_P='/usr/bin/mkdir -p'
NM='/usr/bin/nm -B'
NMEDIT=''
OBJDUMP='objdump'
OBJEXT='o'
OTOOL64=''
OTOOL=''
PACKAGE='libccd'
PACKAGE_BUGREPORT='danfis@danfis.cz'
PACKAGE_NAME='libccd'
PACKAGE_STRING='libccd 1.0'
PACKAGE_TARNAME='libccd'
PACKAGE_URL=''
PACKAGE_VERSION='1.0'
PATH_SEPARATOR=':'
RANLIB='ranlib'
SED='/usr/bin/sed'
SET_MAKE=''
SHELL='/bin/bash'
STRIP='strip'
VERSION='1.0'
ac_ct_AR='ar'
ac_ct_CC='gcc'
ac_ct_CXX='g++'
ac_ct_DUMPBIN=''
am__EXEEXT_FALSE=''
am__EXEEXT_TRUE='#'
am__fastdepCC_FALSE='#'
am__fastdepCC_TRUE=''
am__fastdepCXX_FALSE='#'
am__fastdepCXX_TRUE=''
am__include='include'
am__isrc=''
am__leading_dot='.'
am__nodep='_no'
am__quote=''
am__tar='$${TAR-tar} chof - "$$tardir"'
am__untar='$${TAR-tar} xf -'
bindir='${exec_prefix}/bin'
build='x86_64-unknown-linux-gnu'
build_alias=''
build_cpu='x86_64'
build_os='linux-gnu'
build_vendor='unknown'
datadir='${datarootdir}'
datarootdir='${prefix}/share'
docdir='${datarootdir}/doc/${PACKAGE_TARNAME}'
dvidir='${docdir}'
exec_prefix='${prefix}'
host='x86_64-unknown-linux-gnu'
host_alias=''
host_cpu='x86_64'
host_os='linux-gnu'
host_vendor='unknown'
htmldir='${docdir}'
includedir='${prefix}/include'
infodir='${datarootdir}/info'
install_sh='${SHELL} /home/bee/Desktop/phd/pyrosim/pyrosim/pyrosim/simulator/ode-0.12/install-sh'
libdir='${exec_prefix}/lib'
libexecdir='${exec_prefix}/libexec'
localedir='${datarootdir}/locale'
localstatedir='${prefix}/var'
mandir='${datarootdir}/man'
mkdir_p='/usr/bin/mkdir -p'
oldincludedir='/usr/include'
pdfdir='${docdir}'
prefix='/usr/local'
program_transform_name='s,x,x,'
psdir='${docdir}'
sbindir='${exec_prefix}/sbin'
sharedstatedir='${prefix}/com'
sysconfdir='${prefix}/etc'
target_alias=''

## ----------- ##
## confdefs.h. ##
## ----------- ##

/* confdefs.h */
#define PACKAGE_NAME "libccd"
#define PACKAGE_TARNAME "libccd"
#define PACKAGE_VERSION "1.0"
#define PACKAGE_STRING "libccd 1.0"
#define PACKAGE_BUGREPORT "danfis@danfis.cz"
#define PACKAGE_URL ""
#define PACKAGE "libccd"
#define VERSION "1.0"
#define STDC_HEADERS 1
#define HAVE_SYS_TYPES_H 1
#define HAVE_SYS_STAT_H 1
#define HAVE_STDLIB_H 1
#define HAVE_STRING_H 1
#define HAVE_MEMORY_H 1
#define HAVE_STRINGS_H 1
#define HAVE_INTTYPES_H 1
#define HAVE_STDINT_H 1
#define HAVE_UNISTD_H 1
#define HAVE_DLFCN_H 1
#define LT_OBJDIR ".libs/"
#define HAVE_LIBM 1
#define HAVE_LIBRT 1
#define HAVE_FLOAT_H 1
#define HAVE_STDLIB_H 1
#define HAVE_STRING_H 1
#define HAVE_UNISTD_H 1
#define HAVE_FORK 1
#define HAVE_VFORK 1
#define HAVE_WORKING_VFORK 1
#define HAVE_WORKING_FORK 1
#define HAVE_STDLIB_H 1
#define HAVE_REALLOC 1
#define HAVE_CLOCK_GETTIME 1
#define CCD_DOUBLE /**/

configure: exit 0
